<?xml version="1.0" encoding="UTF-8"?>
<testsuite xmlns:xsi="http://www.w3.org/2001/XMLSchema-instance" xsi:noNamespaceSchemaLocation="https://maven.apache.org/surefire/maven-failsafe-plugin/xsd/failsafe-test-report.xsd" name="starter.CucumberTestSuite" time="490.64" tests="157" errors="0" skipped="0" failures="1">
  <properties>
    <property name="java.specification.version" value="17"/>
    <property name="sun.jnu.encoding" value="UTF-8"/>
    <property name="java.class.path" value="/Users/miaapriliasatya/IdeaProjects/CAPSTONE-12/DIGIHOUSE-API/target/test-classes:/Users/miaapriliasatya/IdeaProjects/CAPSTONE-12/DIGIHOUSE-API/target/DIGIHOUSE-API-1.0-SNAPSHOT.jar:/Users/miaapriliasatya/.m2/repository/ch/qos/logback/logback-classic/1.4.7/logback-classic-1.4.7.jar:/Users/miaapriliasatya/.m2/repository/ch/qos/logback/logback-core/1.4.7/logback-core-1.4.7.jar:/Users/miaapriliasatya/.m2/repository/org/slf4j/slf4j-api/2.0.4/slf4j-api-2.0.4.jar:/Users/miaapriliasatya/.m2/repository/org/json/json/20230227/json-20230227.jar:/Users/miaapriliasatya/.m2/repository/net/serenity-bdd/serenity-core/3.6.12/serenity-core-3.6.12.jar:/Users/miaapriliasatya/.m2/repository/net/serenity-bdd/serenity-model/3.6.12/serenity-model-3.6.12.jar:/Users/miaapriliasatya/.m2/repository/org/apache/commons/commons-text/1.10.0/commons-text-1.10.0.jar:/Users/miaapriliasatya/.m2/repository/commons-net/commons-net/3.9.0/commons-net-3.9.0.jar:/Users/miaapriliasatya/.m2/repository/com/google/inject/guice/5.1.0/guice-5.1.0.jar:/Users/miaapriliasatya/.m2/repository/javax/inject/javax.inject/1/javax.inject-1.jar:/Users/miaapriliasatya/.m2/repository/aopalliance/aopalliance/1.0/aopalliance-1.0.jar:/Users/miaapriliasatya/.m2/repository/org/jsoup/jsoup/1.14.3/jsoup-1.14.3.jar:/Users/miaapriliasatya/.m2/repository/com/thoughtworks/xstream/xstream/1.4.20/xstream-1.4.20.jar:/Users/miaapriliasatya/.m2/repository/io/github/x-stream/mxparser/1.2.2/mxparser-1.2.2.jar:/Users/miaapriliasatya/.m2/repository/xmlpull/xmlpull/1.1.3.1/xmlpull-1.1.3.1.jar:/Users/miaapriliasatya/.m2/repository/com/typesafe/config/1.4.2/config-1.4.2.jar:/Users/miaapriliasatya/.m2/repository/org/imgscalr/imgscalr-lib/4.2/imgscalr-lib-4.2.jar:/Users/miaapriliasatya/.m2/repository/org/awaitility/awaitility/4.2.0/awaitility-4.2.0.jar:/Users/miaapriliasatya/.m2/repository/org/freemarker/freemarker/2.3.31/freemarker-2.3.31.jar:/Users/miaapriliasatya/.m2/repository/io/github/classgraph/classgraph/4.8.138/classgraph-4.8.138.jar:/Users/miaapriliasatya/.m2/repository/net/sourceforge/jexcelapi/jxl/2.6.12/jxl-2.6.12.jar:/Users/miaapriliasatya/.m2/repository/net/bytebuddy/byte-buddy-agent/1.12.22/byte-buddy-agent-1.12.22.jar:/Users/miaapriliasatya/.m2/repository/org/objenesis/objenesis/3.1/objenesis-3.1.jar:/Users/miaapriliasatya/.m2/repository/net/serenity-bdd/serenity-reports/3.6.12/serenity-reports-3.6.12.jar:/Users/miaapriliasatya/.m2/repository/net/serenity-bdd/serenity-stats/3.6.12/serenity-stats-3.6.12.jar:/Users/miaapriliasatya/.m2/repository/org/jetbrains/kotlin/kotlin-stdlib/1.7.21/kotlin-stdlib-1.7.21.jar:/Users/miaapriliasatya/.m2/repository/org/jetbrains/kotlin/kotlin-stdlib-common/1.7.21/kotlin-stdlib-common-1.7.21.jar:/Users/miaapriliasatya/.m2/repository/org/jetbrains/annotations/13.0/annotations-13.0.jar:/Users/miaapriliasatya/.m2/repository/net/serenity-bdd/serenity-reports-configuration/3.6.12/serenity-reports-configuration-3.6.12.jar:/Users/miaapriliasatya/.m2/repository/com/vladsch/flexmark/flexmark-all/0.34.30/flexmark-all-0.34.30.jar:/Users/miaapriliasatya/.m2/repository/com/vladsch/flexmark/flexmark/0.34.30/flexmark-0.34.30.jar:/Users/miaapriliasatya/.m2/repository/com/vladsch/flexmark/flexmark-ext-abbreviation/0.34.30/flexmark-ext-abbreviation-0.34.30.jar:/Users/miaapriliasatya/.m2/repository/com/vladsch/flexmark/flexmark-ext-admonition/0.34.30/flexmark-ext-admonition-0.34.30.jar:/Users/miaapriliasatya/.m2/repository/com/vladsch/flexmark/flexmark-ext-anchorlink/0.34.30/flexmark-ext-anchorlink-0.34.30.jar:/Users/miaapriliasatya/.m2/repository/com/vladsch/flexmark/flexmark-ext-aside/0.34.30/flexmark-ext-aside-0.34.30.jar:/Users/miaapriliasatya/.m2/repository/com/vladsch/flexmark/flexmark-ext-attributes/0.34.30/flexmark-ext-attributes-0.34.30.jar:/Users/miaapriliasatya/.m2/repository/com/vladsch/flexmark/flexmark-ext-autolink/0.34.30/flexmark-ext-autolink-0.34.30.jar:/Users/miaapriliasatya/.m2/repository/org/nibor/autolink/autolink/0.6.0/autolink-0.6.0.jar:/Users/miaapriliasatya/.m2/repository/com/vladsch/flexmark/flexmark-ext-definition/0.34.30/flexmark-ext-definition-0.34.30.jar:/Users/miaapriliasatya/.m2/repository/com/vladsch/flexmark/flexmark-ext-emoji/0.34.30/flexmark-ext-emoji-0.34.30.jar:/Users/miaapriliasatya/.m2/repository/com/vladsch/flexmark/flexmark-ext-enumerated-reference/0.34.30/flexmark-ext-enumerated-reference-0.34.30.jar:/Users/miaapriliasatya/.m2/repository/com/vladsch/flexmark/flexmark-ext-escaped-character/0.34.30/flexmark-ext-escaped-character-0.34.30.jar:/Users/miaapriliasatya/.m2/repository/com/vladsch/flexmark/flexmark-ext-footnotes/0.34.30/flexmark-ext-footnotes-0.34.30.jar:/Users/miaapriliasatya/.m2/repository/com/vladsch/flexmark/flexmark-ext-gfm-issues/0.34.30/flexmark-ext-gfm-issues-0.34.30.jar:/Users/miaapriliasatya/.m2/repository/com/vladsch/flexmark/flexmark-ext-gfm-strikethrough/0.34.30/flexmark-ext-gfm-strikethrough-0.34.30.jar:/Users/miaapriliasatya/.m2/repository/com/vladsch/flexmark/flexmark-ext-gfm-tables/0.34.30/flexmark-ext-gfm-tables-0.34.30.jar:/Users/miaapriliasatya/.m2/repository/com/vladsch/flexmark/flexmark-ext-gfm-tasklist/0.34.30/flexmark-ext-gfm-tasklist-0.34.30.jar:/Users/miaapriliasatya/.m2/repository/com/vladsch/flexmark/flexmark-ext-gfm-users/0.34.30/flexmark-ext-gfm-users-0.34.30.jar:/Users/miaapriliasatya/.m2/repository/com/vladsch/flexmark/flexmark-ext-gitlab/0.34.30/flexmark-ext-gitlab-0.34.30.jar:/Users/miaapriliasatya/.m2/repository/com/vladsch/flexmark/flexmark-ext-jekyll-front-matter/0.34.30/flexmark-ext-jekyll-front-matter-0.34.30.jar:/Users/miaapriliasatya/.m2/repository/com/vladsch/flexmark/flexmark-ext-jekyll-tag/0.34.30/flexmark-ext-jekyll-tag-0.34.30.jar:/Users/miaapriliasatya/.m2/repository/com/vladsch/flexmark/flexmark-ext-media-tags/0.34.30/flexmark-ext-media-tags-0.34.30.jar:/Users/miaapriliasatya/.m2/repository/com/vladsch/flexmark/flexmark-test-util/0.34.30/flexmark-test-util-0.34.30.jar:/Users/miaapriliasatya/.m2/repository/com/vladsch/flexmark/flexmark-ext-ins/0.34.30/flexmark-ext-ins-0.34.30.jar:/Users/miaapriliasatya/.m2/repository/com/vladsch/flexmark/flexmark-ext-xwiki-macros/0.34.30/flexmark-ext-xwiki-macros-0.34.30.jar:/Users/miaapriliasatya/.m2/repository/com/vladsch/flexmark/flexmark-ext-superscript/0.34.30/flexmark-ext-superscript-0.34.30.jar:/Users/miaapriliasatya/.m2/repository/com/vladsch/flexmark/flexmark-ext-tables/0.34.30/flexmark-ext-tables-0.34.30.jar:/Users/miaapriliasatya/.m2/repository/com/vladsch/flexmark/flexmark-ext-toc/0.34.30/flexmark-ext-toc-0.34.30.jar:/Users/miaapriliasatya/.m2/repository/com/vladsch/flexmark/flexmark-ext-typographic/0.34.30/flexmark-ext-typographic-0.34.30.jar:/Users/miaapriliasatya/.m2/repository/com/vladsch/flexmark/flexmark-ext-wikilink/0.34.30/flexmark-ext-wikilink-0.34.30.jar:/Users/miaapriliasatya/.m2/repository/com/vladsch/flexmark/flexmark-ext-yaml-front-matter/0.34.30/flexmark-ext-yaml-front-matter-0.34.30.jar:/Users/miaapriliasatya/.m2/repository/com/vladsch/flexmark/flexmark-ext-youtube-embedded/0.34.30/flexmark-ext-youtube-embedded-0.34.30.jar:/Users/miaapriliasatya/.m2/repository/com/vladsch/flexmark/flexmark-formatter/0.34.30/flexmark-formatter-0.34.30.jar:/Users/miaapriliasatya/.m2/repository/com/vladsch/flexmark/flexmark-html-parser/0.34.30/flexmark-html-parser-0.34.30.jar:/Users/miaapriliasatya/.m2/repository/com/vladsch/flexmark/flexmark-jira-converter/0.34.30/flexmark-jira-converter-0.34.30.jar:/Users/miaapriliasatya/.m2/repository/com/vladsch/flexmark/flexmark-pdf-converter/0.34.30/flexmark-pdf-converter-0.34.30.jar:/Users/miaapriliasatya/.m2/repository/com/openhtmltopdf/openhtmltopdf-core/0.0.1-RC13/openhtmltopdf-core-0.0.1-RC13.jar:/Users/miaapriliasatya/.m2/repository/com/openhtmltopdf/openhtmltopdf-pdfbox/0.0.1-RC13/openhtmltopdf-pdfbox-0.0.1-RC13.jar:/Users/miaapriliasatya/.m2/repository/org/apache/pdfbox/pdfbox/2.0.8/pdfbox-2.0.8.jar:/Users/miaapriliasatya/.m2/repository/org/apache/pdfbox/fontbox/2.0.8/fontbox-2.0.8.jar:/Users/miaapriliasatya/.m2/repository/org/apache/pdfbox/xmpbox/2.0.8/xmpbox-2.0.8.jar:/Users/miaapriliasatya/.m2/repository/de/rototor/pdfbox/graphics2d/0.12/graphics2d-0.12.jar:/Users/miaapriliasatya/.m2/repository/com/openhtmltopdf/openhtmltopdf-rtl-support/0.0.1-RC13/openhtmltopdf-rtl-support-0.0.1-RC13.jar:/Users/miaapriliasatya/.m2/repository/com/ibm/icu/icu4j/59.1/icu4j-59.1.jar:/Users/miaapriliasatya/.m2/repository/com/openhtmltopdf/openhtmltopdf-jsoup-dom-converter/0.0.1-RC13/openhtmltopdf-jsoup-dom-converter-0.0.1-RC13.jar:/Users/miaapriliasatya/.m2/repository/com/vladsch/flexmark/flexmark-profile-pegdown/0.34.30/flexmark-profile-pegdown-0.34.30.jar:/Users/miaapriliasatya/.m2/repository/com/vladsch/flexmark/flexmark-util/0.34.30/flexmark-util-0.34.30.jar:/Users/miaapriliasatya/.m2/repository/com/vladsch/flexmark/flexmark-youtrack-converter/0.34.30/flexmark-youtrack-converter-0.34.30.jar:/Users/miaapriliasatya/.m2/repository/es/nitaur/markdown/txtmark/0.16/txtmark-0.16.jar:/Users/miaapriliasatya/.m2/repository/net/serenity-bdd/serenity-report-resources/3.6.12/serenity-report-resources-3.6.12.jar:/Users/miaapriliasatya/.m2/repository/com/google/code/gson/gson/2.9.0/gson-2.9.0.jar:/Users/miaapriliasatya/.m2/repository/com/fasterxml/jackson/core/jackson-core/2.14.2/jackson-core-2.14.2.jar:/Users/miaapriliasatya/.m2/repository/com/fasterxml/jackson/core/jackson-databind/2.14.2/jackson-databind-2.14.2.jar:/Users/miaapriliasatya/.m2/repository/com/fasterxml/jackson/core/jackson-annotations/2.14.2/jackson-annotations-2.14.2.jar:/Users/miaapriliasatya/.m2/repository/commons-codec/commons-codec/1.15/commons-codec-1.15.jar:/Users/miaapriliasatya/.m2/repository/commons-io/commons-io/2.11.0/commons-io-2.11.0.jar:/Users/miaapriliasatya/.m2/repository/org/apache/httpcomponents/httpclient/4.5.13/httpclient-4.5.13.jar:/Users/miaapriliasatya/.m2/repository/org/apache/httpcomponents/httpcore/4.4.13/httpcore-4.4.13.jar:/Users/miaapriliasatya/.m2/repository/org/seleniumhq/selenium/selenium-java/4.8.0/selenium-java-4.8.0.jar:/Users/miaapriliasatya/.m2/repository/org/seleniumhq/selenium/selenium-devtools-v107/4.8.0/selenium-devtools-v107-4.8.0.jar:/Users/miaapriliasatya/.m2/repository/org/seleniumhq/selenium/selenium-devtools-v108/4.8.0/selenium-devtools-v108-4.8.0.jar:/Users/miaapriliasatya/.m2/repository/org/seleniumhq/selenium/selenium-devtools-v109/4.8.0/selenium-devtools-v109-4.8.0.jar:/Users/miaapriliasatya/.m2/repository/org/seleniumhq/selenium/selenium-devtools-v85/4.8.0/selenium-devtools-v85-4.8.0.jar:/Users/miaapriliasatya/.m2/repository/org/seleniumhq/selenium/selenium-remote-driver/4.8.0/selenium-remote-driver-4.8.0.jar:/Users/miaapriliasatya/.m2/repository/com/beust/jcommander/1.82/jcommander-1.82.jar:/Users/miaapriliasatya/.m2/repository/io/netty/netty-buffer/4.1.87.Final/netty-buffer-4.1.87.Final.jar:/Users/miaapriliasatya/.m2/repository/io/netty/netty-codec-http/4.1.87.Final/netty-codec-http-4.1.87.Final.jar:/Users/miaapriliasatya/.m2/repository/io/netty/netty-codec/4.1.87.Final/netty-codec-4.1.87.Final.jar:/Users/miaapriliasatya/.m2/repository/io/netty/netty-handler/4.1.87.Final/netty-handler-4.1.87.Final.jar:/Users/miaapriliasatya/.m2/repository/io/netty/netty-common/4.1.87.Final/netty-common-4.1.87.Final.jar:/Users/miaapriliasatya/.m2/repository/io/netty/netty-transport-classes-epoll/4.1.87.Final/netty-transport-classes-epoll-4.1.87.Final.jar:/Users/miaapriliasatya/.m2/repository/io/netty/netty-transport-classes-kqueue/4.1.87.Final/netty-transport-classes-kqueue-4.1.87.Final.jar:/Users/miaapriliasatya/.m2/repository/io/netty/netty-transport-native-epoll/4.1.87.Final/netty-transport-native-epoll-4.1.87.Final.jar:/Users/miaapriliasatya/.m2/repository/io/netty/netty-transport-native-kqueue/4.1.87.Final/netty-transport-native-kqueue-4.1.87.Final.jar:/Users/miaapriliasatya/.m2/repository/io/netty/netty-transport-native-unix-common/4.1.87.Final/netty-transport-native-unix-common-4.1.87.Final.jar:/Users/miaapriliasatya/.m2/repository/io/netty/netty-transport/4.1.87.Final/netty-transport-4.1.87.Final.jar:/Users/miaapriliasatya/.m2/repository/io/netty/netty-resolver/4.1.87.Final/netty-resolver-4.1.87.Final.jar:/Users/miaapriliasatya/.m2/repository/io/opentelemetry/opentelemetry-api/1.22.0/opentelemetry-api-1.22.0.jar:/Users/miaapriliasatya/.m2/repository/io/opentelemetry/opentelemetry-context/1.22.0/opentelemetry-context-1.22.0.jar:/Users/miaapriliasatya/.m2/repository/io/opentelemetry/opentelemetry-exporter-logging/1.22.0/opentelemetry-exporter-logging-1.22.0.jar:/Users/miaapriliasatya/.m2/repository/io/opentelemetry/opentelemetry-sdk-metrics/1.22.0/opentelemetry-sdk-metrics-1.22.0.jar:/Users/miaapriliasatya/.m2/repository/io/opentelemetry/opentelemetry-sdk-logs/1.22.0-alpha/opentelemetry-sdk-logs-1.22.0-alpha.jar:/Users/miaapriliasatya/.m2/repository/io/opentelemetry/opentelemetry-api-logs/1.22.0-alpha/opentelemetry-api-logs-1.22.0-alpha.jar:/Users/miaapriliasatya/.m2/repository/io/opentelemetry/opentelemetry-sdk-common/1.22.0/opentelemetry-sdk-common-1.22.0.jar:/Users/miaapriliasatya/.m2/repository/io/opentelemetry/opentelemetry-sdk-extension-autoconfigure-spi/1.22.0/opentelemetry-sdk-extension-autoconfigure-spi-1.22.0.jar:/Users/miaapriliasatya/.m2/repository/io/opentelemetry/opentelemetry-sdk-extension-autoconfigure/1.22.0-alpha/opentelemetry-sdk-extension-autoconfigure-1.22.0-alpha.jar:/Users/miaapriliasatya/.m2/repository/io/opentelemetry/opentelemetry-sdk-trace/1.22.0/opentelemetry-sdk-trace-1.22.0.jar:/Users/miaapriliasatya/.m2/repository/io/opentelemetry/opentelemetry-sdk/1.22.0/opentelemetry-sdk-1.22.0.jar:/Users/miaapriliasatya/.m2/repository/io/opentelemetry/opentelemetry-semconv/1.22.0-alpha/opentelemetry-semconv-1.22.0-alpha.jar:/Users/miaapriliasatya/.m2/repository/io/ous/jtoml/2.0.0/jtoml-2.0.0.jar:/Users/miaapriliasatya/.m2/repository/org/apache/commons/commons-exec/1.3/commons-exec-1.3.jar:/Users/miaapriliasatya/.m2/repository/org/asynchttpclient/async-http-client/2.12.3/async-http-client-2.12.3.jar:/Users/miaapriliasatya/.m2/repository/org/asynchttpclient/async-http-client-netty-utils/2.12.3/async-http-client-netty-utils-2.12.3.jar:/Users/miaapriliasatya/.m2/repository/io/netty/netty-codec-socks/4.1.60.Final/netty-codec-socks-4.1.60.Final.jar:/Users/miaapriliasatya/.m2/repository/io/netty/netty-handler-proxy/4.1.60.Final/netty-handler-proxy-4.1.60.Final.jar:/Users/miaapriliasatya/.m2/repository/io/netty/netty-transport-native-epoll/4.1.60.Final/netty-transport-native-epoll-4.1.60.Final-linux-x86_64.jar:/Users/miaapriliasatya/.m2/repository/io/netty/netty-transport-native-kqueue/4.1.60.Final/netty-transport-native-kqueue-4.1.60.Final-osx-x86_64.jar:/Users/miaapriliasatya/.m2/repository/org/reactivestreams/reactive-streams/1.0.3/reactive-streams-1.0.3.jar:/Users/miaapriliasatya/.m2/repository/com/typesafe/netty/netty-reactive-streams/2.0.4/netty-reactive-streams-2.0.4.jar:/Users/miaapriliasatya/.m2/repository/org/seleniumhq/selenium/selenium-manager/4.8.0/selenium-manager-4.8.0.jar:/Users/miaapriliasatya/.m2/repository/org/seleniumhq/selenium/selenium-safari-driver/4.8.0/selenium-safari-driver-4.8.0.jar:/Users/miaapriliasatya/.m2/repository/org/seleniumhq/selenium/selenium-api/4.8.0/selenium-api-4.8.0.jar:/Users/miaapriliasatya/.m2/repository/org/seleniumhq/selenium/selenium-support/4.8.0/selenium-support-4.8.0.jar:/Users/miaapriliasatya/.m2/repository/com/google/auto/service/auto-service-annotations/1.0.1/auto-service-annotations-1.0.1.jar:/Users/miaapriliasatya/.m2/repository/com/google/auto/service/auto-service/1.0.1/auto-service-1.0.1.jar:/Users/miaapriliasatya/.m2/repository/com/google/auto/auto-common/1.2/auto-common-1.2.jar:/Users/miaapriliasatya/.m2/repository/org/seleniumhq/selenium/selenium-json/4.8.0/selenium-json-4.8.0.jar:/Users/miaapriliasatya/.m2/repository/org/seleniumhq/selenium/selenium-chrome-driver/4.8.0/selenium-chrome-driver-4.8.0.jar:/Users/miaapriliasatya/.m2/repository/org/seleniumhq/selenium/selenium-chromium-driver/4.8.0/selenium-chromium-driver-4.8.0.jar:/Users/miaapriliasatya/.m2/repository/org/seleniumhq/selenium/selenium-firefox-driver/4.8.0/selenium-firefox-driver-4.8.0.jar:/Users/miaapriliasatya/.m2/repository/org/seleniumhq/selenium/selenium-http/4.8.0/selenium-http-4.8.0.jar:/Users/miaapriliasatya/.m2/repository/dev/failsafe/failsafe/3.3.0/failsafe-3.3.0.jar:/Users/miaapriliasatya/.m2/repository/org/seleniumhq/selenium/selenium-edge-driver/4.8.0/selenium-edge-driver-4.8.0.jar:/Users/miaapriliasatya/.m2/repository/org/seleniumhq/selenium/selenium-ie-driver/4.8.0/selenium-ie-driver-4.8.0.jar:/Users/miaapriliasatya/.m2/repository/org/projectlombok/lombok/1.18.20/lombok-1.18.20.jar:/Users/miaapriliasatya/.m2/repository/io/appium/java-client/8.3.0/java-client-8.3.0.jar:/Users/miaapriliasatya/.m2/repository/commons-validator/commons-validator/1.7/commons-validator-1.7.jar:/Users/miaapriliasatya/.m2/repository/commons-digester/commons-digester/2.1/commons-digester-2.1.jar:/Users/miaapriliasatya/.m2/repository/org/apache/groovy/groovy/4.0.6/groovy-4.0.6.jar:/Users/miaapriliasatya/.m2/repository/net/sf/opencsv/opencsv/2.0/opencsv-2.0.jar:/Users/miaapriliasatya/.m2/repository/commons-beanutils/commons-beanutils/1.9.4/commons-beanutils-1.9.4.jar:/Users/miaapriliasatya/.m2/repository/org/apache/commons/commons-lang3/3.12.0/commons-lang3-3.12.0.jar:/Users/miaapriliasatya/.m2/repository/commons-collections/commons-collections/3.2.2/commons-collections-3.2.2.jar:/Users/miaapriliasatya/.m2/repository/org/fluentlenium/fluentlenium-core/0.10.2/fluentlenium-core-0.10.2.jar:/Users/miaapriliasatya/.m2/repository/io/github/bonigarcia/webdrivermanager/5.3.0/webdrivermanager-5.3.0.jar:/Users/miaapriliasatya/.m2/repository/com/github/docker-java/docker-java/3.2.13/docker-java-3.2.13.jar:/Users/miaapriliasatya/.m2/repository/com/github/docker-java/docker-java-core/3.2.13/docker-java-core-3.2.13.jar:/Users/miaapriliasatya/.m2/repository/com/github/docker-java/docker-java-api/3.2.13/docker-java-api-3.2.13.jar:/Users/miaapriliasatya/.m2/repository/org/apache/commons/commons-compress/1.21/commons-compress-1.21.jar:/Users/miaapriliasatya/.m2/repository/org/bouncycastle/bcpkix-jdk15on/1.64/bcpkix-jdk15on-1.64.jar:/Users/miaapriliasatya/.m2/repository/org/bouncycastle/bcprov-jdk15on/1.64/bcprov-jdk15on-1.64.jar:/Users/miaapriliasatya/.m2/repository/org/slf4j/jcl-over-slf4j/1.7.30/jcl-over-slf4j-1.7.30.jar:/Users/miaapriliasatya/.m2/repository/com/github/docker-java/docker-java-transport-httpclient5/3.2.13/docker-java-transport-httpclient5-3.2.13.jar:/Users/miaapriliasatya/.m2/repository/com/github/docker-java/docker-java-transport/3.2.13/docker-java-transport-3.2.13.jar:/Users/miaapriliasatya/.m2/repository/net/java/dev/jna/jna/5.8.0/jna-5.8.0.jar:/Users/miaapriliasatya/.m2/repository/org/brotli/dec/0.1.2/dec-0.1.2.jar:/Users/miaapriliasatya/.m2/repository/org/apache/httpcomponents/client5/httpclient5/5.1.3/httpclient5-5.1.3.jar:/Users/miaapriliasatya/.m2/repository/org/apache/httpcomponents/core5/httpcore5/5.1.3/httpcore5-5.1.3.jar:/Users/miaapriliasatya/.m2/repository/org/apache/httpcomponents/core5/httpcore5-h2/5.1.3/httpcore5-h2-5.1.3.jar:/Users/miaapriliasatya/.m2/repository/com/jhlabs/filters/2.0.235/filters-2.0.235.jar:/Users/miaapriliasatya/.m2/repository/com/paulhammant/ngwebdriver/1.1.6/ngwebdriver-1.1.6.jar:/Users/miaapriliasatya/.m2/repository/joda-time/joda-time/2.8.2/joda-time-2.8.2.jar:/Users/miaapriliasatya/.m2/repository/org/hamcrest/hamcrest/2.2/hamcrest-2.2.jar:/Users/miaapriliasatya/.m2/repository/com/google/jimfs/jimfs/1.2/jimfs-1.2.jar:/Users/miaapriliasatya/.m2/repository/org/mockito/mockito-core/3.3.3/mockito-core-3.3.3.jar:/Users/miaapriliasatya/.m2/repository/javax/xml/bind/jaxb-api/2.3.1/jaxb-api-2.3.1.jar:/Users/miaapriliasatya/.m2/repository/javax/activation/javax.activation-api/1.2.0/javax.activation-api-1.2.0.jar:/Users/miaapriliasatya/.m2/repository/com/sun/xml/bind/jaxb-core/2.3.0.1/jaxb-core-2.3.0.1.jar:/Users/miaapriliasatya/.m2/repository/com/sun/xml/bind/jaxb-impl/2.3.3/jaxb-impl-2.3.3.jar:/Users/miaapriliasatya/.m2/repository/jakarta/xml/bind/jakarta.xml.bind-api/2.3.3/jakarta.xml.bind-api-2.3.3.jar:/Users/miaapriliasatya/.m2/repository/com/sun/activation/jakarta.activation/1.2.2/jakarta.activation-1.2.2.jar:/Users/miaapriliasatya/.m2/repository/javax/activation/activation/1.1.1/activation-1.1.1.jar:/Users/miaapriliasatya/.m2/repository/net/serenity-bdd/serenity-junit/3.6.12/serenity-junit-3.6.12.jar:/Users/miaapriliasatya/.m2/repository/net/serenity-bdd/serenity-screenplay/3.6.12/serenity-screenplay-3.6.12.jar:/Users/miaapriliasatya/.m2/repository/net/serenity-bdd/serenity-rest-assured/3.6.12/serenity-rest-assured-3.6.12.jar:/Users/miaapriliasatya/.m2/repository/io/rest-assured/rest-assured/5.2.0/rest-assured-5.2.0.jar:/Users/miaapriliasatya/.m2/repository/org/apache/httpcomponents/httpmime/4.5.13/httpmime-4.5.13.jar:/Users/miaapriliasatya/.m2/repository/org/ccil/cowan/tagsoup/tagsoup/1.2.1/tagsoup-1.2.1.jar:/Users/miaapriliasatya/.m2/repository/io/rest-assured/json-path/5.2.0/json-path-5.2.0.jar:/Users/miaapriliasatya/.m2/repository/io/rest-assured/rest-assured-common/5.2.0/rest-assured-common-5.2.0.jar:/Users/miaapriliasatya/.m2/repository/io/rest-assured/xml-path/5.2.0/xml-path-5.2.0.jar:/Users/miaapriliasatya/.m2/repository/org/apache/groovy/groovy-json/4.0.6/groovy-json-4.0.6.jar:/Users/miaapriliasatya/.m2/repository/org/apache/groovy/groovy-xml/4.0.6/groovy-xml-4.0.6.jar:/Users/miaapriliasatya/.m2/repository/org/opentest4j/opentest4j/1.2.0/opentest4j-1.2.0.jar:/Users/miaapriliasatya/.m2/repository/net/serenity-bdd/serenity-cucumber/3.6.12/serenity-cucumber-3.6.12.jar:/Users/miaapriliasatya/.m2/repository/io/cucumber/cucumber-core/7.11.0/cucumber-core-7.11.0.jar:/Users/miaapriliasatya/.m2/repository/io/cucumber/cucumber-gherkin/7.11.0/cucumber-gherkin-7.11.0.jar:/Users/miaapriliasatya/.m2/repository/io/cucumber/cucumber-gherkin-messages/7.11.0/cucumber-gherkin-messages-7.11.0.jar:/Users/miaapriliasatya/.m2/repository/io/cucumber/gherkin/26.0.3/gherkin-26.0.3.jar:/Users/miaapriliasatya/.m2/repository/io/cucumber/messages/21.0.1/messages-21.0.1.jar:/Users/miaapriliasatya/.m2/repository/io/cucumber/tag-expressions/5.0.1/tag-expressions-5.0.1.jar:/Users/miaapriliasatya/.m2/repository/io/cucumber/cucumber-expressions/16.1.1/cucumber-expressions-16.1.1.jar:/Users/miaapriliasatya/.m2/repository/io/cucumber/datatable/7.11.0/datatable-7.11.0.jar:/Users/miaapriliasatya/.m2/repository/io/cucumber/cucumber-plugin/7.11.0/cucumber-plugin-7.11.0.jar:/Users/miaapriliasatya/.m2/repository/io/cucumber/docstring/7.11.0/docstring-7.11.0.jar:/Users/miaapriliasatya/.m2/repository/io/cucumber/html-formatter/20.2.1/html-formatter-20.2.1.jar:/Users/miaapriliasatya/.m2/repository/io/cucumber/junit-xml-formatter/0.1.0/junit-xml-formatter-0.1.0.jar:/Users/miaapriliasatya/.m2/repository/io/cucumber/ci-environment/9.1.0/ci-environment-9.1.0.jar:/Users/miaapriliasatya/.m2/repository/io/cucumber/cucumber-java/7.11.0/cucumber-java-7.11.0.jar:/Users/miaapriliasatya/.m2/repository/io/cucumber/cucumber-junit/7.11.0/cucumber-junit-7.11.0.jar:/Users/miaapriliasatya/.m2/repository/org/apiguardian/apiguardian-api/1.1.2/apiguardian-api-1.1.2.jar:/Users/miaapriliasatya/.m2/repository/org/apache/commons/commons-csv/1.5/commons-csv-1.5.jar:/Users/miaapriliasatya/.m2/repository/net/serenity-bdd/serenity-screenplay-webdriver/3.6.12/serenity-screenplay-webdriver-3.6.12.jar:/Users/miaapriliasatya/.m2/repository/net/serenity-bdd/serenity-jbehave/1.46.0/serenity-jbehave-1.46.0.jar:/Users/miaapriliasatya/.m2/repository/commons-logging/commons-logging/1.2/commons-logging-1.2.jar:/Users/miaapriliasatya/.m2/repository/com/thoughtworks/paranamer/paranamer/2.8/paranamer-2.8.jar:/Users/miaapriliasatya/.m2/repository/org/jbehave/jbehave-core/4.4/jbehave-core-4.4.jar:/Users/miaapriliasatya/.m2/repository/org/hamcrest/hamcrest-library/1.3/hamcrest-library-1.3.jar:/Users/miaapriliasatya/.m2/repository/org/hamcrest/hamcrest-integration/1.3/hamcrest-integration-1.3.jar:/Users/miaapriliasatya/.m2/repository/org/apache/commons/commons-collections4/4.1/commons-collections4-4.1.jar:/Users/miaapriliasatya/.m2/repository/org/codehaus/plexus/plexus-utils/3.1.0/plexus-utils-3.1.0.jar:/Users/miaapriliasatya/.m2/repository/com/github/valfirst/jbehave-junit-runner/2.2.0/jbehave-junit-runner-2.2.0.jar:/Users/miaapriliasatya/.m2/repository/org/reflections/reflections/0.9.11/reflections-0.9.11.jar:/Users/miaapriliasatya/.m2/repository/org/javassist/javassist/3.21.0-GA/javassist-3.21.0-GA.jar:/Users/miaapriliasatya/.m2/repository/org/codehaus/groovy/groovy-all/2.4.13/groovy-all-2.4.13.jar:/Users/miaapriliasatya/.m2/repository/junit/junit/4.13.2/junit-4.13.2.jar:/Users/miaapriliasatya/.m2/repository/org/hamcrest/hamcrest-core/1.3/hamcrest-core-1.3.jar:/Users/miaapriliasatya/.m2/repository/org/assertj/assertj-core/3.24.2/assertj-core-3.24.2.jar:/Users/miaapriliasatya/.m2/repository/net/bytebuddy/byte-buddy/1.12.21/byte-buddy-1.12.21.jar:/Users/miaapriliasatya/.m2/repository/org/hamcrest/hamcrest-all/1.3/hamcrest-all-1.3.jar:/Users/miaapriliasatya/.m2/repository/io/rest-assured/json-schema-validator/5.3.1/json-schema-validator-5.3.1.jar:/Users/miaapriliasatya/.m2/repository/com/github/java-json-tools/json-schema-validator/2.2.14/json-schema-validator-2.2.14.jar:/Users/miaapriliasatya/.m2/repository/com/github/java-json-tools/jackson-coreutils-equivalence/1.0/jackson-coreutils-equivalence-1.0.jar:/Users/miaapriliasatya/.m2/repository/com/github/java-json-tools/jackson-coreutils/2.0/jackson-coreutils-2.0.jar:/Users/miaapriliasatya/.m2/repository/com/github/java-json-tools/msg-simple/1.2/msg-simple-1.2.jar:/Users/miaapriliasatya/.m2/repository/com/github/java-json-tools/btf/1.3/btf-1.3.jar:/Users/miaapriliasatya/.m2/repository/com/github/java-json-tools/json-schema-core/1.2.14/json-schema-core-1.2.14.jar:/Users/miaapriliasatya/.m2/repository/com/github/java-json-tools/uri-template/0.10/uri-template-0.10.jar:/Users/miaapriliasatya/.m2/repository/org/mozilla/rhino/1.7.7.2/rhino-1.7.7.2.jar:/Users/miaapriliasatya/.m2/repository/com/sun/mail/mailapi/1.6.2/mailapi-1.6.2.jar:/Users/miaapriliasatya/.m2/repository/com/googlecode/libphonenumber/libphonenumber/8.11.1/libphonenumber-8.11.1.jar:/Users/miaapriliasatya/.m2/repository/com/google/code/findbugs/jsr305/3.0.2/jsr305-3.0.2.jar:/Users/miaapriliasatya/.m2/repository/net/sf/jopt-simple/jopt-simple/5.0.4/jopt-simple-5.0.4.jar:/Users/miaapriliasatya/.m2/repository/com/google/guava/guava/32.0.1-jre/guava-32.0.1-jre.jar:/Users/miaapriliasatya/.m2/repository/com/google/guava/failureaccess/1.0.1/failureaccess-1.0.1.jar:/Users/miaapriliasatya/.m2/repository/com/google/guava/listenablefuture/9999.0-empty-to-avoid-conflict-with-guava/listenablefuture-9999.0-empty-to-avoid-conflict-with-guava.jar:/Users/miaapriliasatya/.m2/repository/org/checkerframework/checker-qual/3.33.0/checker-qual-3.33.0.jar:/Users/miaapriliasatya/.m2/repository/com/google/errorprone/error_prone_annotations/2.18.0/error_prone_annotations-2.18.0.jar:/Users/miaapriliasatya/.m2/repository/com/google/j2objc/j2objc-annotations/2.8/j2objc-annotations-2.8.jar:/Users/miaapriliasatya/.m2/repository/com/github/javafaker/javafaker/1.0.2/javafaker-1.0.2.jar:/Users/miaapriliasatya/.m2/repository/org/yaml/snakeyaml/1.23/snakeyaml-1.23-android.jar:/Users/miaapriliasatya/.m2/repository/com/github/mifmif/generex/1.0.2/generex-1.0.2.jar:/Users/miaapriliasatya/.m2/repository/dk/brics/automaton/automaton/1.11-8/automaton-1.11-8.jar:"/>
    <property name="java.vm.vendor" value="Oracle Corporation"/>
    <property name="sun.arch.data.model" value="64"/>
    <property name="java.vendor.url" value="https://java.oracle.com/"/>
    <property name="os.name" value="Mac OS X"/>
    <property name="java.vm.specification.version" value="17"/>
    <property name="sun.java.launcher" value="SUN_STANDARD"/>
    <property name="user.country" value="ID"/>
    <property name="sun.boot.library.path" value="/Library/Java/JavaVirtualMachines/jdk-17.jdk/Contents/Home/lib"/>
    <property name="sun.java.command" value="/Users/miaapriliasatya/IdeaProjects/CAPSTONE-12/DIGIHOUSE-API/target/surefire/surefirebooter602844909356000702.jar /Users/miaapriliasatya/IdeaProjects/CAPSTONE-12/DIGIHOUSE-API/target/surefire 2023-12-20T03-52-14_655-jvmRun1 surefire17751299995636099100tmp surefire_011139669390262444239tmp"/>
    <property name="http.nonProxyHosts" value="local|*.local|169.254/16|*.169.254/16"/>
    <property name="jdk.debug" value="release"/>
    <property name="surefire.test.class.path" value="/Users/miaapriliasatya/IdeaProjects/CAPSTONE-12/DIGIHOUSE-API/target/test-classes:/Users/miaapriliasatya/IdeaProjects/CAPSTONE-12/DIGIHOUSE-API/target/DIGIHOUSE-API-1.0-SNAPSHOT.jar:/Users/miaapriliasatya/.m2/repository/ch/qos/logback/logback-classic/1.4.7/logback-classic-1.4.7.jar:/Users/miaapriliasatya/.m2/repository/ch/qos/logback/logback-core/1.4.7/logback-core-1.4.7.jar:/Users/miaapriliasatya/.m2/repository/org/slf4j/slf4j-api/2.0.4/slf4j-api-2.0.4.jar:/Users/miaapriliasatya/.m2/repository/org/json/json/20230227/json-20230227.jar:/Users/miaapriliasatya/.m2/repository/net/serenity-bdd/serenity-core/3.6.12/serenity-core-3.6.12.jar:/Users/miaapriliasatya/.m2/repository/net/serenity-bdd/serenity-model/3.6.12/serenity-model-3.6.12.jar:/Users/miaapriliasatya/.m2/repository/org/apache/commons/commons-text/1.10.0/commons-text-1.10.0.jar:/Users/miaapriliasatya/.m2/repository/commons-net/commons-net/3.9.0/commons-net-3.9.0.jar:/Users/miaapriliasatya/.m2/repository/com/google/inject/guice/5.1.0/guice-5.1.0.jar:/Users/miaapriliasatya/.m2/repository/javax/inject/javax.inject/1/javax.inject-1.jar:/Users/miaapriliasatya/.m2/repository/aopalliance/aopalliance/1.0/aopalliance-1.0.jar:/Users/miaapriliasatya/.m2/repository/org/jsoup/jsoup/1.14.3/jsoup-1.14.3.jar:/Users/miaapriliasatya/.m2/repository/com/thoughtworks/xstream/xstream/1.4.20/xstream-1.4.20.jar:/Users/miaapriliasatya/.m2/repository/io/github/x-stream/mxparser/1.2.2/mxparser-1.2.2.jar:/Users/miaapriliasatya/.m2/repository/xmlpull/xmlpull/1.1.3.1/xmlpull-1.1.3.1.jar:/Users/miaapriliasatya/.m2/repository/com/typesafe/config/1.4.2/config-1.4.2.jar:/Users/miaapriliasatya/.m2/repository/org/imgscalr/imgscalr-lib/4.2/imgscalr-lib-4.2.jar:/Users/miaapriliasatya/.m2/repository/org/awaitility/awaitility/4.2.0/awaitility-4.2.0.jar:/Users/miaapriliasatya/.m2/repository/org/freemarker/freemarker/2.3.31/freemarker-2.3.31.jar:/Users/miaapriliasatya/.m2/repository/io/github/classgraph/classgraph/4.8.138/classgraph-4.8.138.jar:/Users/miaapriliasatya/.m2/repository/net/sourceforge/jexcelapi/jxl/2.6.12/jxl-2.6.12.jar:/Users/miaapriliasatya/.m2/repository/net/bytebuddy/byte-buddy-agent/1.12.22/byte-buddy-agent-1.12.22.jar:/Users/miaapriliasatya/.m2/repository/org/objenesis/objenesis/3.1/objenesis-3.1.jar:/Users/miaapriliasatya/.m2/repository/net/serenity-bdd/serenity-reports/3.6.12/serenity-reports-3.6.12.jar:/Users/miaapriliasatya/.m2/repository/net/serenity-bdd/serenity-stats/3.6.12/serenity-stats-3.6.12.jar:/Users/miaapriliasatya/.m2/repository/org/jetbrains/kotlin/kotlin-stdlib/1.7.21/kotlin-stdlib-1.7.21.jar:/Users/miaapriliasatya/.m2/repository/org/jetbrains/kotlin/kotlin-stdlib-common/1.7.21/kotlin-stdlib-common-1.7.21.jar:/Users/miaapriliasatya/.m2/repository/org/jetbrains/annotations/13.0/annotations-13.0.jar:/Users/miaapriliasatya/.m2/repository/net/serenity-bdd/serenity-reports-configuration/3.6.12/serenity-reports-configuration-3.6.12.jar:/Users/miaapriliasatya/.m2/repository/com/vladsch/flexmark/flexmark-all/0.34.30/flexmark-all-0.34.30.jar:/Users/miaapriliasatya/.m2/repository/com/vladsch/flexmark/flexmark/0.34.30/flexmark-0.34.30.jar:/Users/miaapriliasatya/.m2/repository/com/vladsch/flexmark/flexmark-ext-abbreviation/0.34.30/flexmark-ext-abbreviation-0.34.30.jar:/Users/miaapriliasatya/.m2/repository/com/vladsch/flexmark/flexmark-ext-admonition/0.34.30/flexmark-ext-admonition-0.34.30.jar:/Users/miaapriliasatya/.m2/repository/com/vladsch/flexmark/flexmark-ext-anchorlink/0.34.30/flexmark-ext-anchorlink-0.34.30.jar:/Users/miaapriliasatya/.m2/repository/com/vladsch/flexmark/flexmark-ext-aside/0.34.30/flexmark-ext-aside-0.34.30.jar:/Users/miaapriliasatya/.m2/repository/com/vladsch/flexmark/flexmark-ext-attributes/0.34.30/flexmark-ext-attributes-0.34.30.jar:/Users/miaapriliasatya/.m2/repository/com/vladsch/flexmark/flexmark-ext-autolink/0.34.30/flexmark-ext-autolink-0.34.30.jar:/Users/miaapriliasatya/.m2/repository/org/nibor/autolink/autolink/0.6.0/autolink-0.6.0.jar:/Users/miaapriliasatya/.m2/repository/com/vladsch/flexmark/flexmark-ext-definition/0.34.30/flexmark-ext-definition-0.34.30.jar:/Users/miaapriliasatya/.m2/repository/com/vladsch/flexmark/flexmark-ext-emoji/0.34.30/flexmark-ext-emoji-0.34.30.jar:/Users/miaapriliasatya/.m2/repository/com/vladsch/flexmark/flexmark-ext-enumerated-reference/0.34.30/flexmark-ext-enumerated-reference-0.34.30.jar:/Users/miaapriliasatya/.m2/repository/com/vladsch/flexmark/flexmark-ext-escaped-character/0.34.30/flexmark-ext-escaped-character-0.34.30.jar:/Users/miaapriliasatya/.m2/repository/com/vladsch/flexmark/flexmark-ext-footnotes/0.34.30/flexmark-ext-footnotes-0.34.30.jar:/Users/miaapriliasatya/.m2/repository/com/vladsch/flexmark/flexmark-ext-gfm-issues/0.34.30/flexmark-ext-gfm-issues-0.34.30.jar:/Users/miaapriliasatya/.m2/repository/com/vladsch/flexmark/flexmark-ext-gfm-strikethrough/0.34.30/flexmark-ext-gfm-strikethrough-0.34.30.jar:/Users/miaapriliasatya/.m2/repository/com/vladsch/flexmark/flexmark-ext-gfm-tables/0.34.30/flexmark-ext-gfm-tables-0.34.30.jar:/Users/miaapriliasatya/.m2/repository/com/vladsch/flexmark/flexmark-ext-gfm-tasklist/0.34.30/flexmark-ext-gfm-tasklist-0.34.30.jar:/Users/miaapriliasatya/.m2/repository/com/vladsch/flexmark/flexmark-ext-gfm-users/0.34.30/flexmark-ext-gfm-users-0.34.30.jar:/Users/miaapriliasatya/.m2/repository/com/vladsch/flexmark/flexmark-ext-gitlab/0.34.30/flexmark-ext-gitlab-0.34.30.jar:/Users/miaapriliasatya/.m2/repository/com/vladsch/flexmark/flexmark-ext-jekyll-front-matter/0.34.30/flexmark-ext-jekyll-front-matter-0.34.30.jar:/Users/miaapriliasatya/.m2/repository/com/vladsch/flexmark/flexmark-ext-jekyll-tag/0.34.30/flexmark-ext-jekyll-tag-0.34.30.jar:/Users/miaapriliasatya/.m2/repository/com/vladsch/flexmark/flexmark-ext-media-tags/0.34.30/flexmark-ext-media-tags-0.34.30.jar:/Users/miaapriliasatya/.m2/repository/com/vladsch/flexmark/flexmark-test-util/0.34.30/flexmark-test-util-0.34.30.jar:/Users/miaapriliasatya/.m2/repository/com/vladsch/flexmark/flexmark-ext-ins/0.34.30/flexmark-ext-ins-0.34.30.jar:/Users/miaapriliasatya/.m2/repository/com/vladsch/flexmark/flexmark-ext-xwiki-macros/0.34.30/flexmark-ext-xwiki-macros-0.34.30.jar:/Users/miaapriliasatya/.m2/repository/com/vladsch/flexmark/flexmark-ext-superscript/0.34.30/flexmark-ext-superscript-0.34.30.jar:/Users/miaapriliasatya/.m2/repository/com/vladsch/flexmark/flexmark-ext-tables/0.34.30/flexmark-ext-tables-0.34.30.jar:/Users/miaapriliasatya/.m2/repository/com/vladsch/flexmark/flexmark-ext-toc/0.34.30/flexmark-ext-toc-0.34.30.jar:/Users/miaapriliasatya/.m2/repository/com/vladsch/flexmark/flexmark-ext-typographic/0.34.30/flexmark-ext-typographic-0.34.30.jar:/Users/miaapriliasatya/.m2/repository/com/vladsch/flexmark/flexmark-ext-wikilink/0.34.30/flexmark-ext-wikilink-0.34.30.jar:/Users/miaapriliasatya/.m2/repository/com/vladsch/flexmark/flexmark-ext-yaml-front-matter/0.34.30/flexmark-ext-yaml-front-matter-0.34.30.jar:/Users/miaapriliasatya/.m2/repository/com/vladsch/flexmark/flexmark-ext-youtube-embedded/0.34.30/flexmark-ext-youtube-embedded-0.34.30.jar:/Users/miaapriliasatya/.m2/repository/com/vladsch/flexmark/flexmark-formatter/0.34.30/flexmark-formatter-0.34.30.jar:/Users/miaapriliasatya/.m2/repository/com/vladsch/flexmark/flexmark-html-parser/0.34.30/flexmark-html-parser-0.34.30.jar:/Users/miaapriliasatya/.m2/repository/com/vladsch/flexmark/flexmark-jira-converter/0.34.30/flexmark-jira-converter-0.34.30.jar:/Users/miaapriliasatya/.m2/repository/com/vladsch/flexmark/flexmark-pdf-converter/0.34.30/flexmark-pdf-converter-0.34.30.jar:/Users/miaapriliasatya/.m2/repository/com/openhtmltopdf/openhtmltopdf-core/0.0.1-RC13/openhtmltopdf-core-0.0.1-RC13.jar:/Users/miaapriliasatya/.m2/repository/com/openhtmltopdf/openhtmltopdf-pdfbox/0.0.1-RC13/openhtmltopdf-pdfbox-0.0.1-RC13.jar:/Users/miaapriliasatya/.m2/repository/org/apache/pdfbox/pdfbox/2.0.8/pdfbox-2.0.8.jar:/Users/miaapriliasatya/.m2/repository/org/apache/pdfbox/fontbox/2.0.8/fontbox-2.0.8.jar:/Users/miaapriliasatya/.m2/repository/org/apache/pdfbox/xmpbox/2.0.8/xmpbox-2.0.8.jar:/Users/miaapriliasatya/.m2/repository/de/rototor/pdfbox/graphics2d/0.12/graphics2d-0.12.jar:/Users/miaapriliasatya/.m2/repository/com/openhtmltopdf/openhtmltopdf-rtl-support/0.0.1-RC13/openhtmltopdf-rtl-support-0.0.1-RC13.jar:/Users/miaapriliasatya/.m2/repository/com/ibm/icu/icu4j/59.1/icu4j-59.1.jar:/Users/miaapriliasatya/.m2/repository/com/openhtmltopdf/openhtmltopdf-jsoup-dom-converter/0.0.1-RC13/openhtmltopdf-jsoup-dom-converter-0.0.1-RC13.jar:/Users/miaapriliasatya/.m2/repository/com/vladsch/flexmark/flexmark-profile-pegdown/0.34.30/flexmark-profile-pegdown-0.34.30.jar:/Users/miaapriliasatya/.m2/repository/com/vladsch/flexmark/flexmark-util/0.34.30/flexmark-util-0.34.30.jar:/Users/miaapriliasatya/.m2/repository/com/vladsch/flexmark/flexmark-youtrack-converter/0.34.30/flexmark-youtrack-converter-0.34.30.jar:/Users/miaapriliasatya/.m2/repository/es/nitaur/markdown/txtmark/0.16/txtmark-0.16.jar:/Users/miaapriliasatya/.m2/repository/net/serenity-bdd/serenity-report-resources/3.6.12/serenity-report-resources-3.6.12.jar:/Users/miaapriliasatya/.m2/repository/com/google/code/gson/gson/2.9.0/gson-2.9.0.jar:/Users/miaapriliasatya/.m2/repository/com/fasterxml/jackson/core/jackson-core/2.14.2/jackson-core-2.14.2.jar:/Users/miaapriliasatya/.m2/repository/com/fasterxml/jackson/core/jackson-databind/2.14.2/jackson-databind-2.14.2.jar:/Users/miaapriliasatya/.m2/repository/com/fasterxml/jackson/core/jackson-annotations/2.14.2/jackson-annotations-2.14.2.jar:/Users/miaapriliasatya/.m2/repository/commons-codec/commons-codec/1.15/commons-codec-1.15.jar:/Users/miaapriliasatya/.m2/repository/commons-io/commons-io/2.11.0/commons-io-2.11.0.jar:/Users/miaapriliasatya/.m2/repository/org/apache/httpcomponents/httpclient/4.5.13/httpclient-4.5.13.jar:/Users/miaapriliasatya/.m2/repository/org/apache/httpcomponents/httpcore/4.4.13/httpcore-4.4.13.jar:/Users/miaapriliasatya/.m2/repository/org/seleniumhq/selenium/selenium-java/4.8.0/selenium-java-4.8.0.jar:/Users/miaapriliasatya/.m2/repository/org/seleniumhq/selenium/selenium-devtools-v107/4.8.0/selenium-devtools-v107-4.8.0.jar:/Users/miaapriliasatya/.m2/repository/org/seleniumhq/selenium/selenium-devtools-v108/4.8.0/selenium-devtools-v108-4.8.0.jar:/Users/miaapriliasatya/.m2/repository/org/seleniumhq/selenium/selenium-devtools-v109/4.8.0/selenium-devtools-v109-4.8.0.jar:/Users/miaapriliasatya/.m2/repository/org/seleniumhq/selenium/selenium-devtools-v85/4.8.0/selenium-devtools-v85-4.8.0.jar:/Users/miaapriliasatya/.m2/repository/org/seleniumhq/selenium/selenium-remote-driver/4.8.0/selenium-remote-driver-4.8.0.jar:/Users/miaapriliasatya/.m2/repository/com/beust/jcommander/1.82/jcommander-1.82.jar:/Users/miaapriliasatya/.m2/repository/io/netty/netty-buffer/4.1.87.Final/netty-buffer-4.1.87.Final.jar:/Users/miaapriliasatya/.m2/repository/io/netty/netty-codec-http/4.1.87.Final/netty-codec-http-4.1.87.Final.jar:/Users/miaapriliasatya/.m2/repository/io/netty/netty-codec/4.1.87.Final/netty-codec-4.1.87.Final.jar:/Users/miaapriliasatya/.m2/repository/io/netty/netty-handler/4.1.87.Final/netty-handler-4.1.87.Final.jar:/Users/miaapriliasatya/.m2/repository/io/netty/netty-common/4.1.87.Final/netty-common-4.1.87.Final.jar:/Users/miaapriliasatya/.m2/repository/io/netty/netty-transport-classes-epoll/4.1.87.Final/netty-transport-classes-epoll-4.1.87.Final.jar:/Users/miaapriliasatya/.m2/repository/io/netty/netty-transport-classes-kqueue/4.1.87.Final/netty-transport-classes-kqueue-4.1.87.Final.jar:/Users/miaapriliasatya/.m2/repository/io/netty/netty-transport-native-epoll/4.1.87.Final/netty-transport-native-epoll-4.1.87.Final.jar:/Users/miaapriliasatya/.m2/repository/io/netty/netty-transport-native-kqueue/4.1.87.Final/netty-transport-native-kqueue-4.1.87.Final.jar:/Users/miaapriliasatya/.m2/repository/io/netty/netty-transport-native-unix-common/4.1.87.Final/netty-transport-native-unix-common-4.1.87.Final.jar:/Users/miaapriliasatya/.m2/repository/io/netty/netty-transport/4.1.87.Final/netty-transport-4.1.87.Final.jar:/Users/miaapriliasatya/.m2/repository/io/netty/netty-resolver/4.1.87.Final/netty-resolver-4.1.87.Final.jar:/Users/miaapriliasatya/.m2/repository/io/opentelemetry/opentelemetry-api/1.22.0/opentelemetry-api-1.22.0.jar:/Users/miaapriliasatya/.m2/repository/io/opentelemetry/opentelemetry-context/1.22.0/opentelemetry-context-1.22.0.jar:/Users/miaapriliasatya/.m2/repository/io/opentelemetry/opentelemetry-exporter-logging/1.22.0/opentelemetry-exporter-logging-1.22.0.jar:/Users/miaapriliasatya/.m2/repository/io/opentelemetry/opentelemetry-sdk-metrics/1.22.0/opentelemetry-sdk-metrics-1.22.0.jar:/Users/miaapriliasatya/.m2/repository/io/opentelemetry/opentelemetry-sdk-logs/1.22.0-alpha/opentelemetry-sdk-logs-1.22.0-alpha.jar:/Users/miaapriliasatya/.m2/repository/io/opentelemetry/opentelemetry-api-logs/1.22.0-alpha/opentelemetry-api-logs-1.22.0-alpha.jar:/Users/miaapriliasatya/.m2/repository/io/opentelemetry/opentelemetry-sdk-common/1.22.0/opentelemetry-sdk-common-1.22.0.jar:/Users/miaapriliasatya/.m2/repository/io/opentelemetry/opentelemetry-sdk-extension-autoconfigure-spi/1.22.0/opentelemetry-sdk-extension-autoconfigure-spi-1.22.0.jar:/Users/miaapriliasatya/.m2/repository/io/opentelemetry/opentelemetry-sdk-extension-autoconfigure/1.22.0-alpha/opentelemetry-sdk-extension-autoconfigure-1.22.0-alpha.jar:/Users/miaapriliasatya/.m2/repository/io/opentelemetry/opentelemetry-sdk-trace/1.22.0/opentelemetry-sdk-trace-1.22.0.jar:/Users/miaapriliasatya/.m2/repository/io/opentelemetry/opentelemetry-sdk/1.22.0/opentelemetry-sdk-1.22.0.jar:/Users/miaapriliasatya/.m2/repository/io/opentelemetry/opentelemetry-semconv/1.22.0-alpha/opentelemetry-semconv-1.22.0-alpha.jar:/Users/miaapriliasatya/.m2/repository/io/ous/jtoml/2.0.0/jtoml-2.0.0.jar:/Users/miaapriliasatya/.m2/repository/org/apache/commons/commons-exec/1.3/commons-exec-1.3.jar:/Users/miaapriliasatya/.m2/repository/org/asynchttpclient/async-http-client/2.12.3/async-http-client-2.12.3.jar:/Users/miaapriliasatya/.m2/repository/org/asynchttpclient/async-http-client-netty-utils/2.12.3/async-http-client-netty-utils-2.12.3.jar:/Users/miaapriliasatya/.m2/repository/io/netty/netty-codec-socks/4.1.60.Final/netty-codec-socks-4.1.60.Final.jar:/Users/miaapriliasatya/.m2/repository/io/netty/netty-handler-proxy/4.1.60.Final/netty-handler-proxy-4.1.60.Final.jar:/Users/miaapriliasatya/.m2/repository/io/netty/netty-transport-native-epoll/4.1.60.Final/netty-transport-native-epoll-4.1.60.Final-linux-x86_64.jar:/Users/miaapriliasatya/.m2/repository/io/netty/netty-transport-native-kqueue/4.1.60.Final/netty-transport-native-kqueue-4.1.60.Final-osx-x86_64.jar:/Users/miaapriliasatya/.m2/repository/org/reactivestreams/reactive-streams/1.0.3/reactive-streams-1.0.3.jar:/Users/miaapriliasatya/.m2/repository/com/typesafe/netty/netty-reactive-streams/2.0.4/netty-reactive-streams-2.0.4.jar:/Users/miaapriliasatya/.m2/repository/org/seleniumhq/selenium/selenium-manager/4.8.0/selenium-manager-4.8.0.jar:/Users/miaapriliasatya/.m2/repository/org/seleniumhq/selenium/selenium-safari-driver/4.8.0/selenium-safari-driver-4.8.0.jar:/Users/miaapriliasatya/.m2/repository/org/seleniumhq/selenium/selenium-api/4.8.0/selenium-api-4.8.0.jar:/Users/miaapriliasatya/.m2/repository/org/seleniumhq/selenium/selenium-support/4.8.0/selenium-support-4.8.0.jar:/Users/miaapriliasatya/.m2/repository/com/google/auto/service/auto-service-annotations/1.0.1/auto-service-annotations-1.0.1.jar:/Users/miaapriliasatya/.m2/repository/com/google/auto/service/auto-service/1.0.1/auto-service-1.0.1.jar:/Users/miaapriliasatya/.m2/repository/com/google/auto/auto-common/1.2/auto-common-1.2.jar:/Users/miaapriliasatya/.m2/repository/org/seleniumhq/selenium/selenium-json/4.8.0/selenium-json-4.8.0.jar:/Users/miaapriliasatya/.m2/repository/org/seleniumhq/selenium/selenium-chrome-driver/4.8.0/selenium-chrome-driver-4.8.0.jar:/Users/miaapriliasatya/.m2/repository/org/seleniumhq/selenium/selenium-chromium-driver/4.8.0/selenium-chromium-driver-4.8.0.jar:/Users/miaapriliasatya/.m2/repository/org/seleniumhq/selenium/selenium-firefox-driver/4.8.0/selenium-firefox-driver-4.8.0.jar:/Users/miaapriliasatya/.m2/repository/org/seleniumhq/selenium/selenium-http/4.8.0/selenium-http-4.8.0.jar:/Users/miaapriliasatya/.m2/repository/dev/failsafe/failsafe/3.3.0/failsafe-3.3.0.jar:/Users/miaapriliasatya/.m2/repository/org/seleniumhq/selenium/selenium-edge-driver/4.8.0/selenium-edge-driver-4.8.0.jar:/Users/miaapriliasatya/.m2/repository/org/seleniumhq/selenium/selenium-ie-driver/4.8.0/selenium-ie-driver-4.8.0.jar:/Users/miaapriliasatya/.m2/repository/org/projectlombok/lombok/1.18.20/lombok-1.18.20.jar:/Users/miaapriliasatya/.m2/repository/io/appium/java-client/8.3.0/java-client-8.3.0.jar:/Users/miaapriliasatya/.m2/repository/commons-validator/commons-validator/1.7/commons-validator-1.7.jar:/Users/miaapriliasatya/.m2/repository/commons-digester/commons-digester/2.1/commons-digester-2.1.jar:/Users/miaapriliasatya/.m2/repository/org/apache/groovy/groovy/4.0.6/groovy-4.0.6.jar:/Users/miaapriliasatya/.m2/repository/net/sf/opencsv/opencsv/2.0/opencsv-2.0.jar:/Users/miaapriliasatya/.m2/repository/commons-beanutils/commons-beanutils/1.9.4/commons-beanutils-1.9.4.jar:/Users/miaapriliasatya/.m2/repository/org/apache/commons/commons-lang3/3.12.0/commons-lang3-3.12.0.jar:/Users/miaapriliasatya/.m2/repository/commons-collections/commons-collections/3.2.2/commons-collections-3.2.2.jar:/Users/miaapriliasatya/.m2/repository/org/fluentlenium/fluentlenium-core/0.10.2/fluentlenium-core-0.10.2.jar:/Users/miaapriliasatya/.m2/repository/io/github/bonigarcia/webdrivermanager/5.3.0/webdrivermanager-5.3.0.jar:/Users/miaapriliasatya/.m2/repository/com/github/docker-java/docker-java/3.2.13/docker-java-3.2.13.jar:/Users/miaapriliasatya/.m2/repository/com/github/docker-java/docker-java-core/3.2.13/docker-java-core-3.2.13.jar:/Users/miaapriliasatya/.m2/repository/com/github/docker-java/docker-java-api/3.2.13/docker-java-api-3.2.13.jar:/Users/miaapriliasatya/.m2/repository/org/apache/commons/commons-compress/1.21/commons-compress-1.21.jar:/Users/miaapriliasatya/.m2/repository/org/bouncycastle/bcpkix-jdk15on/1.64/bcpkix-jdk15on-1.64.jar:/Users/miaapriliasatya/.m2/repository/org/bouncycastle/bcprov-jdk15on/1.64/bcprov-jdk15on-1.64.jar:/Users/miaapriliasatya/.m2/repository/org/slf4j/jcl-over-slf4j/1.7.30/jcl-over-slf4j-1.7.30.jar:/Users/miaapriliasatya/.m2/repository/com/github/docker-java/docker-java-transport-httpclient5/3.2.13/docker-java-transport-httpclient5-3.2.13.jar:/Users/miaapriliasatya/.m2/repository/com/github/docker-java/docker-java-transport/3.2.13/docker-java-transport-3.2.13.jar:/Users/miaapriliasatya/.m2/repository/net/java/dev/jna/jna/5.8.0/jna-5.8.0.jar:/Users/miaapriliasatya/.m2/repository/org/brotli/dec/0.1.2/dec-0.1.2.jar:/Users/miaapriliasatya/.m2/repository/org/apache/httpcomponents/client5/httpclient5/5.1.3/httpclient5-5.1.3.jar:/Users/miaapriliasatya/.m2/repository/org/apache/httpcomponents/core5/httpcore5/5.1.3/httpcore5-5.1.3.jar:/Users/miaapriliasatya/.m2/repository/org/apache/httpcomponents/core5/httpcore5-h2/5.1.3/httpcore5-h2-5.1.3.jar:/Users/miaapriliasatya/.m2/repository/com/jhlabs/filters/2.0.235/filters-2.0.235.jar:/Users/miaapriliasatya/.m2/repository/com/paulhammant/ngwebdriver/1.1.6/ngwebdriver-1.1.6.jar:/Users/miaapriliasatya/.m2/repository/joda-time/joda-time/2.8.2/joda-time-2.8.2.jar:/Users/miaapriliasatya/.m2/repository/org/hamcrest/hamcrest/2.2/hamcrest-2.2.jar:/Users/miaapriliasatya/.m2/repository/com/google/jimfs/jimfs/1.2/jimfs-1.2.jar:/Users/miaapriliasatya/.m2/repository/org/mockito/mockito-core/3.3.3/mockito-core-3.3.3.jar:/Users/miaapriliasatya/.m2/repository/javax/xml/bind/jaxb-api/2.3.1/jaxb-api-2.3.1.jar:/Users/miaapriliasatya/.m2/repository/javax/activation/javax.activation-api/1.2.0/javax.activation-api-1.2.0.jar:/Users/miaapriliasatya/.m2/repository/com/sun/xml/bind/jaxb-core/2.3.0.1/jaxb-core-2.3.0.1.jar:/Users/miaapriliasatya/.m2/repository/com/sun/xml/bind/jaxb-impl/2.3.3/jaxb-impl-2.3.3.jar:/Users/miaapriliasatya/.m2/repository/jakarta/xml/bind/jakarta.xml.bind-api/2.3.3/jakarta.xml.bind-api-2.3.3.jar:/Users/miaapriliasatya/.m2/repository/com/sun/activation/jakarta.activation/1.2.2/jakarta.activation-1.2.2.jar:/Users/miaapriliasatya/.m2/repository/javax/activation/activation/1.1.1/activation-1.1.1.jar:/Users/miaapriliasatya/.m2/repository/net/serenity-bdd/serenity-junit/3.6.12/serenity-junit-3.6.12.jar:/Users/miaapriliasatya/.m2/repository/net/serenity-bdd/serenity-screenplay/3.6.12/serenity-screenplay-3.6.12.jar:/Users/miaapriliasatya/.m2/repository/net/serenity-bdd/serenity-rest-assured/3.6.12/serenity-rest-assured-3.6.12.jar:/Users/miaapriliasatya/.m2/repository/io/rest-assured/rest-assured/5.2.0/rest-assured-5.2.0.jar:/Users/miaapriliasatya/.m2/repository/org/apache/httpcomponents/httpmime/4.5.13/httpmime-4.5.13.jar:/Users/miaapriliasatya/.m2/repository/org/ccil/cowan/tagsoup/tagsoup/1.2.1/tagsoup-1.2.1.jar:/Users/miaapriliasatya/.m2/repository/io/rest-assured/json-path/5.2.0/json-path-5.2.0.jar:/Users/miaapriliasatya/.m2/repository/io/rest-assured/rest-assured-common/5.2.0/rest-assured-common-5.2.0.jar:/Users/miaapriliasatya/.m2/repository/io/rest-assured/xml-path/5.2.0/xml-path-5.2.0.jar:/Users/miaapriliasatya/.m2/repository/org/apache/groovy/groovy-json/4.0.6/groovy-json-4.0.6.jar:/Users/miaapriliasatya/.m2/repository/org/apache/groovy/groovy-xml/4.0.6/groovy-xml-4.0.6.jar:/Users/miaapriliasatya/.m2/repository/org/opentest4j/opentest4j/1.2.0/opentest4j-1.2.0.jar:/Users/miaapriliasatya/.m2/repository/net/serenity-bdd/serenity-cucumber/3.6.12/serenity-cucumber-3.6.12.jar:/Users/miaapriliasatya/.m2/repository/io/cucumber/cucumber-core/7.11.0/cucumber-core-7.11.0.jar:/Users/miaapriliasatya/.m2/repository/io/cucumber/cucumber-gherkin/7.11.0/cucumber-gherkin-7.11.0.jar:/Users/miaapriliasatya/.m2/repository/io/cucumber/cucumber-gherkin-messages/7.11.0/cucumber-gherkin-messages-7.11.0.jar:/Users/miaapriliasatya/.m2/repository/io/cucumber/gherkin/26.0.3/gherkin-26.0.3.jar:/Users/miaapriliasatya/.m2/repository/io/cucumber/messages/21.0.1/messages-21.0.1.jar:/Users/miaapriliasatya/.m2/repository/io/cucumber/tag-expressions/5.0.1/tag-expressions-5.0.1.jar:/Users/miaapriliasatya/.m2/repository/io/cucumber/cucumber-expressions/16.1.1/cucumber-expressions-16.1.1.jar:/Users/miaapriliasatya/.m2/repository/io/cucumber/datatable/7.11.0/datatable-7.11.0.jar:/Users/miaapriliasatya/.m2/repository/io/cucumber/cucumber-plugin/7.11.0/cucumber-plugin-7.11.0.jar:/Users/miaapriliasatya/.m2/repository/io/cucumber/docstring/7.11.0/docstring-7.11.0.jar:/Users/miaapriliasatya/.m2/repository/io/cucumber/html-formatter/20.2.1/html-formatter-20.2.1.jar:/Users/miaapriliasatya/.m2/repository/io/cucumber/junit-xml-formatter/0.1.0/junit-xml-formatter-0.1.0.jar:/Users/miaapriliasatya/.m2/repository/io/cucumber/ci-environment/9.1.0/ci-environment-9.1.0.jar:/Users/miaapriliasatya/.m2/repository/io/cucumber/cucumber-java/7.11.0/cucumber-java-7.11.0.jar:/Users/miaapriliasatya/.m2/repository/io/cucumber/cucumber-junit/7.11.0/cucumber-junit-7.11.0.jar:/Users/miaapriliasatya/.m2/repository/org/apiguardian/apiguardian-api/1.1.2/apiguardian-api-1.1.2.jar:/Users/miaapriliasatya/.m2/repository/org/apache/commons/commons-csv/1.5/commons-csv-1.5.jar:/Users/miaapriliasatya/.m2/repository/net/serenity-bdd/serenity-screenplay-webdriver/3.6.12/serenity-screenplay-webdriver-3.6.12.jar:/Users/miaapriliasatya/.m2/repository/net/serenity-bdd/serenity-jbehave/1.46.0/serenity-jbehave-1.46.0.jar:/Users/miaapriliasatya/.m2/repository/commons-logging/commons-logging/1.2/commons-logging-1.2.jar:/Users/miaapriliasatya/.m2/repository/com/thoughtworks/paranamer/paranamer/2.8/paranamer-2.8.jar:/Users/miaapriliasatya/.m2/repository/org/jbehave/jbehave-core/4.4/jbehave-core-4.4.jar:/Users/miaapriliasatya/.m2/repository/org/hamcrest/hamcrest-library/1.3/hamcrest-library-1.3.jar:/Users/miaapriliasatya/.m2/repository/org/hamcrest/hamcrest-integration/1.3/hamcrest-integration-1.3.jar:/Users/miaapriliasatya/.m2/repository/org/apache/commons/commons-collections4/4.1/commons-collections4-4.1.jar:/Users/miaapriliasatya/.m2/repository/org/codehaus/plexus/plexus-utils/3.1.0/plexus-utils-3.1.0.jar:/Users/miaapriliasatya/.m2/repository/com/github/valfirst/jbehave-junit-runner/2.2.0/jbehave-junit-runner-2.2.0.jar:/Users/miaapriliasatya/.m2/repository/org/reflections/reflections/0.9.11/reflections-0.9.11.jar:/Users/miaapriliasatya/.m2/repository/org/javassist/javassist/3.21.0-GA/javassist-3.21.0-GA.jar:/Users/miaapriliasatya/.m2/repository/org/codehaus/groovy/groovy-all/2.4.13/groovy-all-2.4.13.jar:/Users/miaapriliasatya/.m2/repository/junit/junit/4.13.2/junit-4.13.2.jar:/Users/miaapriliasatya/.m2/repository/org/hamcrest/hamcrest-core/1.3/hamcrest-core-1.3.jar:/Users/miaapriliasatya/.m2/repository/org/assertj/assertj-core/3.24.2/assertj-core-3.24.2.jar:/Users/miaapriliasatya/.m2/repository/net/bytebuddy/byte-buddy/1.12.21/byte-buddy-1.12.21.jar:/Users/miaapriliasatya/.m2/repository/org/hamcrest/hamcrest-all/1.3/hamcrest-all-1.3.jar:/Users/miaapriliasatya/.m2/repository/io/rest-assured/json-schema-validator/5.3.1/json-schema-validator-5.3.1.jar:/Users/miaapriliasatya/.m2/repository/com/github/java-json-tools/json-schema-validator/2.2.14/json-schema-validator-2.2.14.jar:/Users/miaapriliasatya/.m2/repository/com/github/java-json-tools/jackson-coreutils-equivalence/1.0/jackson-coreutils-equivalence-1.0.jar:/Users/miaapriliasatya/.m2/repository/com/github/java-json-tools/jackson-coreutils/2.0/jackson-coreutils-2.0.jar:/Users/miaapriliasatya/.m2/repository/com/github/java-json-tools/msg-simple/1.2/msg-simple-1.2.jar:/Users/miaapriliasatya/.m2/repository/com/github/java-json-tools/btf/1.3/btf-1.3.jar:/Users/miaapriliasatya/.m2/repository/com/github/java-json-tools/json-schema-core/1.2.14/json-schema-core-1.2.14.jar:/Users/miaapriliasatya/.m2/repository/com/github/java-json-tools/uri-template/0.10/uri-template-0.10.jar:/Users/miaapriliasatya/.m2/repository/org/mozilla/rhino/1.7.7.2/rhino-1.7.7.2.jar:/Users/miaapriliasatya/.m2/repository/com/sun/mail/mailapi/1.6.2/mailapi-1.6.2.jar:/Users/miaapriliasatya/.m2/repository/com/googlecode/libphonenumber/libphonenumber/8.11.1/libphonenumber-8.11.1.jar:/Users/miaapriliasatya/.m2/repository/com/google/code/findbugs/jsr305/3.0.2/jsr305-3.0.2.jar:/Users/miaapriliasatya/.m2/repository/net/sf/jopt-simple/jopt-simple/5.0.4/jopt-simple-5.0.4.jar:/Users/miaapriliasatya/.m2/repository/com/google/guava/guava/32.0.1-jre/guava-32.0.1-jre.jar:/Users/miaapriliasatya/.m2/repository/com/google/guava/failureaccess/1.0.1/failureaccess-1.0.1.jar:/Users/miaapriliasatya/.m2/repository/com/google/guava/listenablefuture/9999.0-empty-to-avoid-conflict-with-guava/listenablefuture-9999.0-empty-to-avoid-conflict-with-guava.jar:/Users/miaapriliasatya/.m2/repository/org/checkerframework/checker-qual/3.33.0/checker-qual-3.33.0.jar:/Users/miaapriliasatya/.m2/repository/com/google/errorprone/error_prone_annotations/2.18.0/error_prone_annotations-2.18.0.jar:/Users/miaapriliasatya/.m2/repository/com/google/j2objc/j2objc-annotations/2.8/j2objc-annotations-2.8.jar:/Users/miaapriliasatya/.m2/repository/com/github/javafaker/javafaker/1.0.2/javafaker-1.0.2.jar:/Users/miaapriliasatya/.m2/repository/org/yaml/snakeyaml/1.23/snakeyaml-1.23-android.jar:/Users/miaapriliasatya/.m2/repository/com/github/mifmif/generex/1.0.2/generex-1.0.2.jar:/Users/miaapriliasatya/.m2/repository/dk/brics/automaton/automaton/1.11-8/automaton-1.11-8.jar:"/>
    <property name="sun.cpu.endian" value="little"/>
    <property name="user.home" value="/Users/miaapriliasatya"/>
    <property name="user.language" value="en"/>
    <property name="java.specification.vendor" value="Oracle Corporation"/>
    <property name="java.version.date" value="2023-10-17"/>
    <property name="java.home" value="/Library/Java/JavaVirtualMachines/jdk-17.jdk/Contents/Home"/>
    <property name="file.separator" value="/"/>
    <property name="basedir" value="/Users/miaapriliasatya/IdeaProjects/CAPSTONE-12/DIGIHOUSE-API"/>
    <property name="java.vm.compressedOopsMode" value="Zero based"/>
    <property name="line.separator" value="&#10;"/>
    <property name="java.specification.name" value="Java Platform API Specification"/>
    <property name="java.vm.specification.vendor" value="Oracle Corporation"/>
    <property name="surefire.real.class.path" value="/Users/miaapriliasatya/IdeaProjects/CAPSTONE-12/DIGIHOUSE-API/target/surefire/surefirebooter602844909356000702.jar"/>
    <property name="sun.management.compiler" value="HotSpot 64-Bit Tiered Compilers"/>
    <property name="ftp.nonProxyHosts" value="local|*.local|169.254/16|*.169.254/16"/>
    <property name="java.runtime.version" value="17.0.9+11-LTS-201"/>
    <property name="user.name" value="miaapriliasatya"/>
    <property name="path.separator" value=":"/>
    <property name="os.version" value="13.4"/>
    <property name="java.runtime.name" value="Java(TM) SE Runtime Environment"/>
    <property name="file.encoding" value="UTF-8"/>
    <property name="java.vm.name" value="Java HotSpot(TM) 64-Bit Server VM"/>
    <property name="localRepository" value="/Users/miaapriliasatya/.m2/repository"/>
    <property name="java.vendor.url.bug" value="https://bugreport.java.com/bugreport/"/>
    <property name="java.io.tmpdir" value="/var/folders/g6/gdyh3d796q3g5pmyhf7x5jzh0000gn/T/"/>
    <property name="java.version" value="17.0.9"/>
    <property name="user.dir" value="/Users/miaapriliasatya/IdeaProjects/CAPSTONE-12/DIGIHOUSE-API"/>
    <property name="os.arch" value="aarch64"/>
    <property name="java.vm.specification.name" value="Java Virtual Machine Specification"/>
    <property name="native.encoding" value="UTF-8"/>
    <property name="java.library.path" value="/Users/miaapriliasatya/Library/Java/Extensions:/Library/Java/Extensions:/Network/Library/Java/Extensions:/System/Library/Java/Extensions:/usr/lib/java:."/>
    <property name="java.vm.info" value="mixed mode, sharing"/>
    <property name="java.vendor" value="Oracle Corporation"/>
    <property name="java.vm.version" value="17.0.9+11-LTS-201"/>
    <property name="sun.io.unicode.encoding" value="UnicodeBig"/>
    <property name="socksNonProxyHosts" value="local|*.local|169.254/16|*.169.254/16"/>
    <property name="java.class.version" value="61.0"/>
  </properties>
  <testcase name="As an admin I can get statistic with a valid path" classname="Get Statistic" time="28.375"/>
  <testcase name="As an admin I can&apos;t get statistic without path" classname="Get Statistic" time="1.119"/>
  <testcase name="As an admin I can get total payment with a valid path" classname="Get Total Payment" time="1.613"/>
  <testcase name="As an admin I can&apos;t get total payment without path" classname="Get Total Payment" time="1.335"/>
  <testcase name="As an admin I can get transaction report with a valid path" classname="Get Transaction Report" time="1.879"/>
  <testcase name="As an admin I can&apos;t get transaction report without path" classname="Get Transaction Report" time="1.285"/>
  <testcase name="As an admin I can recent customer with a valid path" classname="Recent Customer" time="1.973"/>
  <testcase name="As an admin I can&apos;t recent customer without path" classname="Recent Customer" time="1.146"/>
  <testcase name="As an admin I can delete user by ID with a valid path" classname="Delete User By ID" time="2.038"/>
  <testcase name="As an admin I can&apos;t delete user by ID without path" classname="Delete User By ID" time="1.127"/>
  <testcase name="As an admin I can&apos;t delete user by ID with invalid ID" classname="Delete User By ID" time="1.209"/>
  <testcase name="As an admin I can get list transaction user with a valid path" classname="Get List Transaction User" time="2.089"/>
  <testcase name="As an admin I can&apos;t get list transaction user without path" classname="Get List Transaction User" time="1.07"/>
  <testcase name="As an admin I can get transaction detail user with a valid path" classname="Get Transaction Detail User" time="2.025"/>
  <testcase name="As an admin I can&apos;t get transaction detail user without path" classname="Get Transaction Detail User" time="1.094"/>
  <testcase name="As an admin I can get user by ID with a valid path" classname="Get User By ID" time="1.438"/>
  <testcase name="As an admin I can&apos;t get user by ID without path" classname="Get User By ID" time="1.246"/>
  <testcase name="As an admin I can&apos;t get user by ID with invalid ID" classname="Get User By ID" time="1.229"/>
  <testcase name="As an admin I can get user list with a valid path" classname="Get User List" time="1.402"/>
  <testcase name="As an admin I can&apos;t get user list without path" classname="Get User List" time="1.125"/>
  <testcase name="As an admin I can create warehouse detail with a valid input" classname="Create Warehouse Detail" time="1.826"/>
  <testcase name="As an admin I can&apos;t create warehouse detail without path" classname="Create Warehouse Detail" time="1.155"/>
  <testcase name="As an admin I can&apos;t create warehouse detail if I don&apos;t fill in the create warehouse detail request" classname="Create Warehouse Detail" time="1.165"/>
  <testcase name="As an admin I can delete warehouse by ID with a valid path" classname="Delete Warehouse By ID" time="1.785"/>
  <testcase name="As an admin I can&apos;t delete warehouse by ID without path" classname="Delete Warehouse By ID" time="1.28"/>
  <testcase name="As an admin I can&apos;t delete warehouse by ID with invalid ID" classname="Delete Warehouse By ID" time="1.231"/>
  <testcase name="As an admin I can get installment list dashboard  with a valid path" classname="Get Installment List Dashboard" time="1.319"/>
  <testcase name="As an admin I can&apos;t get installment list dashboard without path" classname="Get Installment List Dashboard" time="1.073"/>
  <testcase name="As an admin I can get list transaction warehouse with a valid path" classname="Get List Transaction Warehouse" time="1.36"/>
  <testcase name="As an admin I can&apos;t get list transaction warehouse without path" classname="Get List Transaction Warehouse" time="1.052"/>
  <testcase name="As an admin I can get list warehouse type with a valid path" classname="Get List Warehouse Type" time="1.186"/>
  <testcase name="As an admin I can&apos;t get list warehouse type without path" classname="Get List Warehouse Type" time="1.112"/>
  <testcase name="As an admin I can get reason with a valid path" classname="Get Reason" time="1.211"/>
  <testcase name="As an admin I can&apos;t get reason without path" classname="Get Reason" time="1.181"/>
  <testcase name="As an admin I can import CSV data warehouse with a valid path" classname="Import CSV Data Warehouse" time="2.411"/>
  <testcase name="As an admin I can&apos;t import CSV data warehouse without path" classname="Import CSV Data Warehouse" time="1.135"/>
  <testcase name="As an admin I can&apos;t import CSV data warehouse if I don&apos;t fill in the import CSV data warehouse request" classname="Import CSV Data Warehouse" time="1.136"/>
  <testcase name="As an admin I can&apos;t import CSV data warehouse if the CSV request format is not appropriate (e.g. other than: format file CSV)" classname="Import CSV Data Warehouse" time="1.226"/>
  <testcase name="As an admin I can update warehouse by ID with a valid path" classname="Update Warehouse By ID" time="1.88"/>
  <testcase name="As an admin I can&apos;t update warehouse by ID without path" classname="Update Warehouse By ID" time="1.175"/>
  <testcase name="As an admin I can&apos;t update warehouse by ID with invalid ID" classname="Update Warehouse By ID" time="1.46"/>
  <testcase name="As an admin I can upload photo warehouse with a valid path" classname="Upload Photo Warehouse" time="6.625"/>
  <testcase name="As an admin I can&apos;t upload photo warehouse without path" classname="Upload Photo Warehouse" time="0.031"/>
  <testcase name="As an admin I can&apos;t upload photo warehouse if I don&apos;t fill in the upload photo request" classname="Upload Photo Warehouse" time="0.402"/>
  <testcase name="As an admin I can&apos;t upload photo warehouse if the photo request format is not appropriate (e.g. other than: PNG, JPEG, JPG)" classname="Upload Photo Warehouse" time="1.731"/>
  <testcase name="As an admin I can&apos;t upload photo warehouse if size more than 5 MB #1" classname="Upload Photo Warehouse" time="120.075"/>
  <testcase name="As an admin I can&apos;t upload photo warehouse if size more than 5 MB #2" classname="Upload Photo Warehouse" time="122.317"/>
  <testcase name="As an admin I can update setting with a valid path" classname="Update Setting" time="0.009"/>
  <testcase name="As an admin I can&apos;t update setting without path" classname="Update Setting" time="0.008"/>
  <testcase name="As an admin I can&apos;t update setting if I don&apos;t fill in the update setting request" classname="Update Setting" time="0.009"/>
  <testcase name="As an admin I can&apos;t update setting if I don&apos;t fill in the username request" classname="Update Setting" time="0.009"/>
  <testcase name="As an admin I can&apos;t update setting if I don&apos;t fill in the email request" classname="Update Setting" time="0.009"/>
  <testcase name="As an admin I can&apos;t update setting if I don&apos;t fill in the password request" classname="Update Setting" time="0.01"/>
  <testcase name="As an admin I can get history transaction data with a valid path" classname="Get History Transaction Data" time="0.013"/>
  <testcase name="As an admin I can&apos;t get history transaction data without path" classname="Get History Transaction Data" time="0.008"/>
  <testcase name="As an admin I can get transaction detail with a valid path" classname="Get Transaction Detail" time="0.009"/>
  <testcase name="As an admin I can&apos;t get transaction detail without path" classname="Get Transaction Detail" time="0.008"/>
  <testcase name="As an admin I can transaction approved with a valid path" classname="Transaction Approved" time="0.007"/>
  <testcase name="As an admin I can&apos;t transaction approved without path" classname="Transaction Approved" time="0.007"/>
  <testcase name="As an admin I can&apos;t transaction approved with invalid transaction ID" classname="Transaction Approved" time="0.008"/>
  <testcase name="As an admin I can&apos;t transaction approved if the transaction ID has previously been made" classname="Transaction Approved" time="1.114"/>
  <testcase name="As an admin I can transaction rejected with a valid path" classname="Transaction Rejected" time="2.402"/>
  <testcase name="As an admin I can&apos;t transaction rejected without path" classname="Transaction Rejected" time="1.294"/>
  <testcase name="As an admin I can&apos;t transaction rejected with invalid transaction ID" classname="Transaction Rejected" time="1.245"/>
  <testcase name="As an admin I can&apos;t transaction rejected if the transaction ID has previously been made" classname="Transaction Rejected" time="1.605"/>
  <testcase name="As a user I can get payment schema with a valid path" classname="Get Payment Schema" time="1.234"/>
  <testcase name="As a user I can&apos;t get payment schema without path" classname="Get Payment Schema" time="1.106"/>
  <testcase name="As a user I can rental application with a valid path" classname="Rental Application" time="1.784"/>
  <testcase name="As a user I can&apos;t rental application without path" classname="Rental Application" time="1.108"/>
  <testcase name="As a user I can&apos;t rental application if I don&apos;t fill in the rental application request" classname="Rental Application" time="1.15"/>
  <testcase name="As a user I can&apos;t rental application if the submission date is less than the current date" classname="Rental Application" time="1.311"/>
  <testcase name="As a user I can login with a valid credentials" classname="Login User" time="1.159"/>
  <testcase name="As a user I can&apos;t login without path" classname="Login User" time="0.246"/>
  <testcase name="As a user I can&apos;t login if I don&apos;t fill in the login request" classname="Login User" time="0.188"/>
  <testcase name="As a user I can&apos;t login if I don&apos;t fill in the email request" classname="Login User" time="0.206"/>
  <testcase name="As a user I can&apos;t login if I don&apos;t fill in the password request" classname="Login User" time="0.214"/>
  <testcase name="As a user I can&apos;t login with an invalid email" classname="Login User" time="0.318"/>
  <testcase name="As a user I can&apos;t login with an invalid password" classname="Login User" time="0.831"/>
  <testcase name="As a new user I can register by filling a valid data" classname="Register User" time="4.571"/>
  <testcase name="As a new user I can&apos;t register without path" classname="Register User" time="0.249"/>
  <testcase name="As a new user I can&apos;t register if I don&apos;t fill in the register request" classname="Register User" time="0.234"/>
  <testcase name="As a new user I can&apos;t register if I don&apos;t fill in the username request" classname="Register User" time="0.25"/>
  <testcase name="As a new user I can&apos;t register if I don&apos;t fill in the email request" classname="Register User" time="0.415"/>
  <testcase name="As a new user I can&apos;t register if I don&apos;t fill in the password request" classname="Register User" time="0.244"/>
  <testcase name="As a new user I can&apos;t register if I fill in email already regist in database" classname="Register User" time="0.332"/>
  <testcase name="As a new user I can&apos;t register if the email request format is not appropriate (e.g.: missing @)" classname="Register User" time="0.231"/>
  <testcase name="As a user I can resend OTP with a valid email" classname="Resend OTP" time="3.089"/>
  <testcase name="As a user I can&apos;t resend OTP without path" classname="Resend OTP" time="0.239"/>
  <testcase name="As a user I can&apos;t resend OTP if I don&apos;t fill in the resend OTP request" classname="Resend OTP" time="0.252"/>
  <testcase name="As a user I can&apos;t resend OTP with an invalid email" classname="Resend OTP" time="0.363"/>
  <testcase name="As a user I can chatbot with a valid path" classname="Chatbot" time="3.329"/>
  <testcase name="As a user I can&apos;t chatbot without path" classname="Chatbot" time="1.166"/>
  <testcase name="As a user I can&apos;t use chatbot if I don&apos;t fill in the chatbot request" classname="Chatbot" time="1.19"/>
  <testcase name="As a user I can get all warehouse with a valid path" classname="Get All Warehouse" time="1.872"/>
  <testcase name="As a user I can&apos;t get all warehouse without path" classname="Get All Warehouse" time="1.049"/>
  <testcase name="As a user I can get user profile data with a valid path" classname="Get User Info" time="1.689"/>
  <testcase name="As a user I can&apos;t get user profile data with an invalid path" classname="Get User Info" time="1.09"/>
  <testcase name="As a user I can get warehouse by ID with a valid path" classname="Get Warehouse By ID" time="2.854">
    <failure message="1 expectation failed.&#10;Response body doesn&apos;t match expectation.&#10;Expected: The content to match the given JSON schema.&#10;warning: the following keywords are unknown and will be ignored: [qt-uri-extensions, qt-uri-protocols]&#10;    level: &quot;warning&quot;&#10;    schema: {&quot;loadingURI&quot;:&quot;#&quot;,&quot;pointer&quot;:&quot;/definitions/Data/properties/image/items&quot;}&#10;    domain: &quot;syntax&quot;&#10;    ignored: [&quot;qt-uri-extensions&quot;,&quot;qt-uri-protocols&quot;]&#10;error: object instance has properties which are not allowed by the schema: [&quot;warehouseTypeId&quot;]&#10;    level: &quot;error&quot;&#10;    schema: {&quot;loadingURI&quot;:&quot;#&quot;,&quot;pointer&quot;:&quot;/definitions/Data&quot;}&#10;    instance: {&quot;pointer&quot;:&quot;/data&quot;}&#10;    domain: &quot;validation&quot;&#10;    keyword: &quot;additionalProperties&quot;&#10;    unwanted: [&quot;warehouseTypeId&quot;]&#10;&#10;  Actual: {&quot;status&quot;:true,&quot;message&quot;:&quot;Success&quot;,&quot;data&quot;:{&quot;name&quot;:&quot;Retailer 2 Warehouse&quot;,&quot;description&quot;:&quot;The warehouse is located in a strategic area and has close access to urban areas&quot;,&quot;provinceId&quot;:&quot;34&quot;,&quot;provinceName&quot;:&quot;DI YOGYAKARTA&quot;,&quot;regencyId&quot;:&quot;3404&quot;,&quot;regencyName&quot;:&quot;KABUPATEN SLEMAN&quot;,&quot;districtId&quot;:&quot;3404100&quot;,&quot;districtName&quot;:&quot;KALASAN&quot;,&quot;address&quot;:&quot;Jln Lebak Bulus V&quot;,&quot;surfaceArea&quot;:2000,&quot;buildingArea&quot;:3000,&quot;owner&quot;:&quot;Mia Aprilia Satya&quot;,&quot;phoneNumber&quot;:&quot;085159932141&quot;,&quot;longitude&quot;:106.8456,&quot;latitude&quot;:-6.2088,&quot;status&quot;:&quot;tidak tersedia&quot;,&quot;weeklyPrice&quot;:9615385,&quot;monthlyPrice&quot;:41666667,&quot;annualPrice&quot;:500000000,&quot;warehouseTypeId&quot;:1,&quot;warehouseType&quot;:&quot;kecil&quot;,&quot;image&quot;:[&quot;https://www.dropbox.com/scl/fi/izuhi0v5kdsq3bzzf1gdx/file_UBidK0fLmIydRKU61CaU.jpg?rlkey=9rrdl3zngy2wzumfqdl0w719g\u0026raw=1&quot;,&quot;https://www.dropbox.com/scl/fi/izuhi0v5kdsq3bzzf1gdx/file_UBidK0fLmIydRKU61CaU.jpg?rlkey=9rrdl3zngy2wzumfqdl0w719g\u0026raw=1&quot;,&quot;https://www.dropbox.com/scl/fi/2tson6smle7v750p5bti1/file_QZ8A6FWuOdBFlaMRIHbm.png?rlkey=v0obierxiwpm2wzms8re27qka\u0026raw=1&quot;,&quot;https://www.dropbox.com/scl/fi/izuhi0v5kdsq3bzzf1gdx/file_UBidK0fLmIydRKU61CaU.jpg?rlkey=9rrdl3zngy2wzumfqdl0w719g\u0026raw=1&quot;]}}&#10;&#10;" type="java.lang.AssertionError">java.lang.AssertionError: 
1 expectation failed.
Response body doesn't match expectation.
Expected: The content to match the given JSON schema.
warning: the following keywords are unknown and will be ignored: [qt-uri-extensions, qt-uri-protocols]
    level: "warning"
    schema: {"loadingURI":"#","pointer":"/definitions/Data/properties/image/items"}
    domain: "syntax"
    ignored: ["qt-uri-extensions","qt-uri-protocols"]
error: object instance has properties which are not allowed by the schema: ["warehouseTypeId"]
    level: "error"
    schema: {"loadingURI":"#","pointer":"/definitions/Data"}
    instance: {"pointer":"/data"}
    domain: "validation"
    keyword: "additionalProperties"
    unwanted: ["warehouseTypeId"]

  Actual: {"status":true,"message":"Success","data":{"name":"Retailer 2 Warehouse","description":"The warehouse is located in a strategic area and has close access to urban areas","provinceId":"34","provinceName":"DI YOGYAKARTA","regencyId":"3404","regencyName":"KABUPATEN SLEMAN","districtId":"3404100","districtName":"KALASAN","address":"Jln Lebak Bulus V","surfaceArea":2000,"buildingArea":3000,"owner":"Mia Aprilia Satya","phoneNumber":"085159932141","longitude":106.8456,"latitude":-6.2088,"status":"tidak tersedia","weeklyPrice":9615385,"monthlyPrice":41666667,"annualPrice":500000000,"warehouseTypeId":1,"warehouseType":"kecil","image":["https://www.dropbox.com/scl/fi/izuhi0v5kdsq3bzzf1gdx/file_UBidK0fLmIydRKU61CaU.jpg?rlkey=9rrdl3zngy2wzumfqdl0w719g\u0026raw=1","https://www.dropbox.com/scl/fi/izuhi0v5kdsq3bzzf1gdx/file_UBidK0fLmIydRKU61CaU.jpg?rlkey=9rrdl3zngy2wzumfqdl0w719g\u0026raw=1","https://www.dropbox.com/scl/fi/2tson6smle7v750p5bti1/file_QZ8A6FWuOdBFlaMRIHbm.png?rlkey=v0obierxiwpm2wzms8re27qka\u0026raw=1","https://www.dropbox.com/scl/fi/izuhi0v5kdsq3bzzf1gdx/file_UBidK0fLmIydRKU61CaU.jpg?rlkey=9rrdl3zngy2wzumfqdl0w719g\u0026raw=1"]}}


</failure>
    <system-out><![CDATA[03:58:34.466 [main] INFO io.cucumber.core.plugin.SerenityReporter -- Running feature from file:///Users/miaapriliasatya/IdeaProjects/CAPSTONE-12/DIGIHOUSE-API/src/test/resources/features/api/user/dashboard/GetWarehouseByID.feature
03:58:34.470 [main] DEBUG net.thucydides.core.steps.StepEventBus -- Test suite started for story net.thucydides.core.model.Story@5917c221
03:58:34.470 [main] INFO  -- Test Suite Started: Get Warehouse By ID

@GetWarehouseByID @ScenarioPositive
Scenario: As a user I can get warehouse by ID with a valid path                                   &amp#27;[90m# src/test/resources/features/api/user/dashboard/GetWarehouseByID.feature:8&amp#27;[0m
03:58:34.488 [main] INFO io.cucumber.core.plugin.SerenityReporter -- Running feature from file:///Users/miaapriliasatya/IdeaProjects/CAPSTONE-12/DIGIHOUSE-API/src/test/resources/features/api/user/dashboard/GetWarehouseByID.feature
03:58:34.488 [main] INFO  -- 
  _____   ___   ___   _____     ___   _____     _     ___   _____   ___   ___  
 |_   _| | __| / __| |_   _|   / __| |_   _|   /_\   | _ \ |_   _| | __| |   \ 
   | |   | _|  \__ \   | |     \__ \   | |    / _ \  |   /   | |   | _|  | |) |
   |_|   |___| |___/   |_|     |___/   |_|   /_/ \_\ |_|_\   |_|   |___| |___/ 

As a user I can get warehouse by ID with a valid path(get-warehouse-by-id;as-a-user-i-can-get-warehouse-by-id-with-a-valid-path)
--------------------------------------------------------------------------------
03:58:34.500 [main] DEBUG net.thucydides.core.steps.StepInterceptor -- STARTING STEP: GetWarehouseByIDSteps.setAPIEndpointValidGetWarehouseByID - I set API endpoint valid for get warehouse by ID
03:58:34.500 [main] DEBUG net.thucydides.core.steps.StepInterceptor -- STEP DONE: I set API endpoint valid for get warehouse by ID
  &amp#27;[32mGiven &amp#27;[0m&amp#27;[32mI set API endpoint valid for get warehouse by ID&amp#27;[0m                                          &amp#27;[90m# starter.stepdefinitions.user.dashboard.GetWarehouseByIDSteps.setAPIEndpointValidGetWarehouseByID()&amp#27;[0m
03:58:34.501 [main] DEBUG net.thucydides.core.steps.StepInterceptor -- STARTING STEP: GetWarehouseByIDSteps.sendRequestGetWarehouseByID - I send request to get warehouse by ID
03:58:34.504 [main] DEBUG org.apache.http.impl.conn.BasicClientConnectionManager -- Get connection for route {s}->https://digiwarehouse-app.onrender.com:443
03:58:34.504 [main] DEBUG org.apache.http.impl.conn.DefaultClientConnectionOperator -- Connecting to digiwarehouse-app.onrender.com:443
03:58:34.617 [main] DEBUG org.apache.http.client.protocol.RequestAddCookies -- CookieSpec selected: ignoreCookies
03:58:34.617 [main] DEBUG org.apache.http.client.protocol.RequestAuthCache -- Auth cache not set in the context
03:58:34.617 [main] DEBUG org.apache.http.client.protocol.RequestTargetAuthentication -- Target auth state: UNCHALLENGED
03:58:34.617 [main] DEBUG org.apache.http.client.protocol.RequestProxyAuthentication -- Proxy auth state: UNCHALLENGED
03:58:34.617 [main] DEBUG org.apache.http.impl.client.DefaultHttpClient -- Attempt 1 to execute request
03:58:34.617 [main] DEBUG org.apache.http.impl.conn.DefaultClientConnection -- Sending request: POST /user/login HTTP/1.1
03:58:34.617 [main] DEBUG org.apache.http.wire --  >> "POST /user/login HTTP/1.1[\r][\n]"
03:58:34.617 [main] DEBUG org.apache.http.wire --  >> "Accept: */*[\r][\n]"
03:58:34.617 [main] DEBUG org.apache.http.wire --  >> "Content-Type: application/json[\r][\n]"
03:58:34.617 [main] DEBUG org.apache.http.wire --  >> "Content-Length: 52[\r][\n]"
03:58:34.617 [main] DEBUG org.apache.http.wire --  >> "Host: digiwarehouse-app.onrender.com[\r][\n]"
03:58:34.617 [main] DEBUG org.apache.http.wire --  >> "Connection: Keep-Alive[\r][\n]"
03:58:34.617 [main] DEBUG org.apache.http.wire --  >> "User-Agent: Apache-HttpClient/4.5.13 (Java/17.0.9)[\r][\n]"
03:58:34.617 [main] DEBUG org.apache.http.wire --  >> "Accept-Encoding: gzip,deflate[\r][\n]"
03:58:34.617 [main] DEBUG org.apache.http.wire --  >> "[\r][\n]"
03:58:34.617 [main] DEBUG org.apache.http.headers -- >> POST /user/login HTTP/1.1
03:58:34.617 [main] DEBUG org.apache.http.headers -- >> Accept: */*
03:58:34.617 [main] DEBUG org.apache.http.headers -- >> Content-Type: application/json
03:58:34.617 [main] DEBUG org.apache.http.headers -- >> Content-Length: 52
03:58:34.617 [main] DEBUG org.apache.http.headers -- >> Host: digiwarehouse-app.onrender.com
03:58:34.617 [main] DEBUG org.apache.http.headers -- >> Connection: Keep-Alive
03:58:34.617 [main] DEBUG org.apache.http.headers -- >> User-Agent: Apache-HttpClient/4.5.13 (Java/17.0.9)
03:58:34.617 [main] DEBUG org.apache.http.headers -- >> Accept-Encoding: gzip,deflate
03:58:34.617 [main] DEBUG org.apache.http.wire --  >> "{"password":"Testing1","email":"itqa.mia@gmail.com"}"
03:58:35.513 [main] DEBUG org.apache.http.wire --  << "HTTP/1.1 200 OK[\r][\n]"
03:58:35.514 [main] DEBUG org.apache.http.wire --  << "Date: Tue, 19 Dec 2023 20:58:35 GMT[\r][\n]"
03:58:35.514 [main] DEBUG org.apache.http.wire --  << "Content-Type: application/json; charset=UTF-8[\r][\n]"
03:58:35.514 [main] DEBUG org.apache.http.wire --  << "Content-Length: 237[\r][\n]"
03:58:35.514 [main] DEBUG org.apache.http.wire --  << "Connection: keep-alive[\r][\n]"
03:58:35.514 [main] DEBUG org.apache.http.wire --  << "CF-Ray: 8382907f7c833dbc-SIN[\r][\n]"
03:58:35.514 [main] DEBUG org.apache.http.wire --  << "CF-Cache-Status: DYNAMIC[\r][\n]"
03:58:35.514 [main] DEBUG org.apache.http.wire --  << "Content-Encoding: gzip[\r][\n]"
03:58:35.514 [main] DEBUG org.apache.http.wire --  << "Vary: Accept-Encoding[\r][\n]"
03:58:35.514 [main] DEBUG org.apache.http.wire --  << "rndr-id: eeffdd61-ebfb-48e9[\r][\n]"
03:58:35.514 [main] DEBUG org.apache.http.wire --  << "x-render-origin-server: Render[\r][\n]"
03:58:35.514 [main] DEBUG org.apache.http.wire --  << "Server: cloudflare[\r][\n]"
03:58:35.514 [main] DEBUG org.apache.http.wire --  << "alt-svc: h3=":443"; ma=86400[\r][\n]"
03:58:35.514 [main] DEBUG org.apache.http.wire --  << "[\r][\n]"
03:58:35.514 [main] DEBUG org.apache.http.impl.conn.DefaultClientConnection -- Receiving response: HTTP/1.1 200 OK
03:58:35.514 [main] DEBUG org.apache.http.headers -- << HTTP/1.1 200 OK
03:58:35.514 [main] DEBUG org.apache.http.headers -- << Date: Tue, 19 Dec 2023 20:58:35 GMT
03:58:35.514 [main] DEBUG org.apache.http.headers -- << Content-Type: application/json; charset=UTF-8
03:58:35.514 [main] DEBUG org.apache.http.headers -- << Content-Length: 237
03:58:35.514 [main] DEBUG org.apache.http.headers -- << Connection: keep-alive
03:58:35.514 [main] DEBUG org.apache.http.headers -- << CF-Ray: 8382907f7c833dbc-SIN
03:58:35.514 [main] DEBUG org.apache.http.headers -- << CF-Cache-Status: DYNAMIC
03:58:35.514 [main] DEBUG org.apache.http.headers -- << Content-Encoding: gzip
03:58:35.514 [main] DEBUG org.apache.http.headers -- << Vary: Accept-Encoding
03:58:35.514 [main] DEBUG org.apache.http.headers -- << rndr-id: eeffdd61-ebfb-48e9
03:58:35.514 [main] DEBUG org.apache.http.headers -- << x-render-origin-server: Render
03:58:35.514 [main] DEBUG org.apache.http.headers -- << Server: cloudflare
03:58:35.514 [main] DEBUG org.apache.http.headers -- << alt-svc: h3=":443"; ma=86400
03:58:35.514 [main] DEBUG org.apache.http.impl.client.DefaultHttpClient -- Connection can be kept alive indefinitely
03:58:35.514 [main] DEBUG io.restassured.internal.RestAssuredHttpBuilder -- Parsing response as: application/json; charset=UTF-8
03:58:35.514 [main] DEBUG org.apache.http.wire --  << "[0x1f][0x8b][0x8][0x0][0x0][0x0][0x0][0x0][0x0][0xff][0x1c][0xcb][0xc1]n[0x82]@[0x10][0x80][0xe1]{[0x9f][0xc2][0xcc][0x99][0x18][0xad]USn[0x4][0x1b]:K[0x80][0xb6][0x88][0xa1][0xdc][0x6][0xd8][0xc0][0x16]X[0x8][0xb3]4E[0xe3][0xbb]7x[0xfe][0xff][0xef][0x6]l[0xc8]L[0xc][0xb6][0x19]'iA'[0x99][0xa9][0x92]`C<[0x15][0x85]d[0x6][0xb]J2[0x4][0xf6][\r]&[0x96]#[0x96]`[0x1f]-[0xd0][0xd4]-O[0xa0]h[0xe5][0xc][0xa3]j[0x15][0xad]b23[0x81][0x5]c[0xdf].[0x89][0xca]Ni[0xb0][0xc0][0xf4][0x8d][0xd4]`[0x83][0x9c]E[0x9d]{[0x85][0x8a][0x94][0xc0][0xe4][0x8a][0xdb]P![0xa3][0xfe][0xda][0x17].[0x1e][0xb0][0x19][0xd2][0x8b]+^[0xd7]r[0x16][0xad]|wT[0xf4][0xf3][0xb6][0xb]N[0xc1]_pJ[0xf6][0xc1]9a[0xd4][0xe2]7[0xf7][0x92][0x5][0xd7][0x99][0xb7][0x1d][0xf2][0x7][0xbe]\[0xb3]T[0x88][0xcc][0xc5]C[0xb8][0xdb][0xac][0xfb][0xdc][0xa9][0xca][0xe6][0xb3][0xe][0x7][0x11][0x9d][0x13][0xfd][0xd2][0x85]i[0xfc][0x81]~C[0xd5][0xf3][0xb1][0xef]QNc[0xf8][0xed][0xb3][0xaf][0x8a]t[0x3][0xf7][0xfb][0xd3][0x0][0x0][0x0][0xff][0xff]O[0xcd]c[0xbd][0xf9][0x0][0x0][0x0]"
03:58:35.514 [main] DEBUG io.restassured.internal.RestAssuredHttpBuilder -- Parsed data to instance of: class org.apache.http.conn.EofSensorInputStream
03:58:35.516 [main] DEBUG org.apache.http.impl.conn.BasicClientConnectionManager -- Releasing connection org.apache.http.impl.conn.ManagedClientConnectionImpl@129e58fa
03:58:35.516 [main] DEBUG org.apache.http.impl.conn.BasicClientConnectionManager -- Connection can be kept alive indefinitely
the token: {"status":true,"message":"Success","data":{"userId":7,"name":"Mia Aprilia Satya","role":"admin","token":"eyJhbGciOiJIUzI1NiIsInR5cCI6IkpXVCJ9.eyJleHAiOjE3MDMxMDU5MTUsInJvbGUiOiJhZG1pbiIsInVzZXJJZCI6N30.obAgdkQhNpJOTUn4mNXSPIKkag27ooIeurNYKsKicX0"}}

03:58:35.518 [main] DEBUG net.thucydides.core.steps.StepInterceptor -- STARTING STEP: GetWarehouseByID.sendRequestGetWarehouseByID - I set API endpoint valid for get warehouse by ID
03:58:35.518 [main] DEBUG net.thucydides.core.steps.StepInterceptor -- STEP DONE: I set API endpoint valid for get warehouse by ID
03:58:35.523 [main] DEBUG org.apache.http.impl.conn.BasicClientConnectionManager -- Get connection for route {s}->https://digiwarehouse-app.onrender.com:443
03:58:35.523 [main] DEBUG org.apache.http.impl.conn.DefaultClientConnectionOperator -- Connecting to digiwarehouse-app.onrender.com:443
03:58:35.639 [main] DEBUG org.apache.http.client.protocol.RequestAddCookies -- CookieSpec selected: ignoreCookies
03:58:35.639 [main] DEBUG org.apache.http.client.protocol.RequestAuthCache -- Auth cache not set in the context
03:58:35.639 [main] DEBUG org.apache.http.client.protocol.RequestProxyAuthentication -- Proxy auth state: UNCHALLENGED
03:58:35.639 [main] DEBUG org.apache.http.impl.client.DefaultHttpClient -- Attempt 1 to execute request
03:58:35.639 [main] DEBUG org.apache.http.impl.conn.DefaultClientConnection -- Sending request: GET /warehouse/detail/68 HTTP/1.1
03:58:35.639 [main] DEBUG org.apache.http.wire --  >> "GET /warehouse/detail/68 HTTP/1.1[\r][\n]"
03:58:35.639 [main] DEBUG org.apache.http.wire --  >> "Authorization: Bearer eyJhbGciOiJIUzI1NiIsInR5cCI6IkpXVCJ9.eyJleHAiOjE3MDMxMDU5MTUsInJvbGUiOiJhZG1pbiIsInVzZXJJZCI6N30.obAgdkQhNpJOTUn4mNXSPIKkag27ooIeurNYKsKicX0[\r][\n]"
03:58:35.639 [main] DEBUG org.apache.http.wire --  >> "Accept: */*[\r][\n]"
03:58:35.639 [main] DEBUG org.apache.http.wire --  >> "Content-Type: application/json[\r][\n]"
03:58:35.639 [main] DEBUG org.apache.http.wire --  >> "Content-Length: 2[\r][\n]"
03:58:35.639 [main] DEBUG org.apache.http.wire --  >> "Host: digiwarehouse-app.onrender.com[\r][\n]"
03:58:35.639 [main] DEBUG org.apache.http.wire --  >> "Connection: Keep-Alive[\r][\n]"
03:58:35.639 [main] DEBUG org.apache.http.wire --  >> "User-Agent: Apache-HttpClient/4.5.13 (Java/17.0.9)[\r][\n]"
03:58:35.639 [main] DEBUG org.apache.http.wire --  >> "Accept-Encoding: gzip,deflate[\r][\n]"
03:58:35.639 [main] DEBUG org.apache.http.wire --  >> "[\r][\n]"
03:58:35.639 [main] DEBUG org.apache.http.headers -- >> GET /warehouse/detail/68 HTTP/1.1
03:58:35.639 [main] DEBUG org.apache.http.headers -- >> Authorization: Bearer eyJhbGciOiJIUzI1NiIsInR5cCI6IkpXVCJ9.eyJleHAiOjE3MDMxMDU5MTUsInJvbGUiOiJhZG1pbiIsInVzZXJJZCI6N30.obAgdkQhNpJOTUn4mNXSPIKkag27ooIeurNYKsKicX0
03:58:35.639 [main] DEBUG org.apache.http.headers -- >> Accept: */*
03:58:35.639 [main] DEBUG org.apache.http.headers -- >> Content-Type: application/json
03:58:35.639 [main] DEBUG org.apache.http.headers -- >> Content-Length: 2
03:58:35.639 [main] DEBUG org.apache.http.headers -- >> Host: digiwarehouse-app.onrender.com
03:58:35.639 [main] DEBUG org.apache.http.headers -- >> Connection: Keep-Alive
03:58:35.639 [main] DEBUG org.apache.http.headers -- >> User-Agent: Apache-HttpClient/4.5.13 (Java/17.0.9)
03:58:35.639 [main] DEBUG org.apache.http.headers -- >> Accept-Encoding: gzip,deflate
03:58:35.639 [main] DEBUG org.apache.http.wire --  >> "{}"
03:58:36.415 [main] DEBUG org.apache.http.wire --  << "HTTP/1.1 200 OK[\r][\n]"
03:58:36.415 [main] DEBUG org.apache.http.wire --  << "Date: Tue, 19 Dec 2023 20:58:36 GMT[\r][\n]"
03:58:36.415 [main] DEBUG org.apache.http.wire --  << "Content-Type: application/json; charset=UTF-8[\r][\n]"
03:58:36.415 [main] DEBUG org.apache.http.wire --  << "Content-Length: 596[\r][\n]"
03:58:36.415 [main] DEBUG org.apache.http.wire --  << "Connection: keep-alive[\r][\n]"
03:58:36.415 [main] DEBUG org.apache.http.wire --  << "CF-Ray: 83829085ea215608-SIN[\r][\n]"
03:58:36.415 [main] DEBUG org.apache.http.wire --  << "CF-Cache-Status: DYNAMIC[\r][\n]"
03:58:36.415 [main] DEBUG org.apache.http.wire --  << "Content-Encoding: gzip[\r][\n]"
03:58:36.415 [main] DEBUG org.apache.http.wire --  << "Vary: Accept-Encoding[\r][\n]"
03:58:36.415 [main] DEBUG org.apache.http.wire --  << "rndr-id: 71702568-cf62-4031[\r][\n]"
03:58:36.415 [main] DEBUG org.apache.http.wire --  << "x-render-origin-server: Render[\r][\n]"
03:58:36.415 [main] DEBUG org.apache.http.wire --  << "Server: cloudflare[\r][\n]"
03:58:36.415 [main] DEBUG org.apache.http.wire --  << "alt-svc: h3=":443"; ma=86400[\r][\n]"
03:58:36.415 [main] DEBUG org.apache.http.wire --  << "[\r][\n]"
03:58:36.415 [main] DEBUG org.apache.http.impl.conn.DefaultClientConnection -- Receiving response: HTTP/1.1 200 OK
03:58:36.415 [main] DEBUG org.apache.http.headers -- << HTTP/1.1 200 OK
03:58:36.415 [main] DEBUG org.apache.http.headers -- << Date: Tue, 19 Dec 2023 20:58:36 GMT
03:58:36.415 [main] DEBUG org.apache.http.headers -- << Content-Type: application/json; charset=UTF-8
03:58:36.415 [main] DEBUG org.apache.http.headers -- << Content-Length: 596
03:58:36.415 [main] DEBUG org.apache.http.headers -- << Connection: keep-alive
03:58:36.415 [main] DEBUG org.apache.http.headers -- << CF-Ray: 83829085ea215608-SIN
03:58:36.415 [main] DEBUG org.apache.http.headers -- << CF-Cache-Status: DYNAMIC
03:58:36.415 [main] DEBUG org.apache.http.headers -- << Content-Encoding: gzip
03:58:36.415 [main] DEBUG org.apache.http.headers -- << Vary: Accept-Encoding
03:58:36.415 [main] DEBUG org.apache.http.headers -- << rndr-id: 71702568-cf62-4031
03:58:36.415 [main] DEBUG org.apache.http.headers -- << x-render-origin-server: Render
03:58:36.415 [main] DEBUG org.apache.http.headers -- << Server: cloudflare
03:58:36.415 [main] DEBUG org.apache.http.headers -- << alt-svc: h3=":443"; ma=86400
03:58:36.415 [main] DEBUG org.apache.http.impl.client.DefaultHttpClient -- Connection can be kept alive indefinitely
03:58:36.415 [main] DEBUG io.restassured.internal.RestAssuredHttpBuilder -- Parsing response as: application/json; charset=UTF-8
03:58:36.415 [main] DEBUG org.apache.http.wire --  << "[0x1f][0x8b][0x8][0x0][0x0][0x0][0x0][0x0][0x0][0xff][0xcc][0x92][0xdb][0x8e][0xe2]F[0x10][0x86][0xef][0xf3][0x14][0xad][0xba]v[0xa0]m[0xb0][0x1]K[0xab][0xc8]$[0xbb][0x9][0x81]a7[0x1c][0xb2][0x9a][0x1c][0x14][0x95][0xdd][0x85][0xe9][0xd0]n{[0xfa][0x80][0x7]F[0xf3][0xee][0x91][0x19][0x86][0x8c][0xf6][0x9][0xa6].[0xbf][0xfa][0xab][0xff]:[0xf4][0x13]X[0x87][0xce][H[0x9d][0xf1][0x14]@E[0xd6]bI[0x90][0xc2][0xda][0x17][0x5]Y[0xb][0x1][0x8]t[0x8][0xe9][0x13]h[0xac][0xba][0xc4][0x8a][0x1c]JE[0x86]E[0xec]+[0x1a][0xda][0xd7][0xde]R[0xa7]"[[0x18][0xd9]8YkHa[0xb3]'[0xd6][0xbe]f[0x99][0xb4]L[0xd5][0x5]:[0x12]Lj[0x86][0xcc]:[0x83][0x8e]JY04[0x84][0xc][0xb5]`{[0xb4][0xac]P[0xb5]%[0x86][0x17]_[0xe6]j[0xe6]M[0x8e][0xfa]"[0xe9][0xda]hL}[0x94][0xba][0xa0][0x99][0x80][0x14][0x6][0xc3]7d[0xf9][0xd2][0xd8]O3v[0xff][0xf9][0xe7][0xfb]l[0x9e][0xad]6[0x19][0x4]`[0xa8]$][0x9c][0xae]z>[0xfc][0x1f]][0xb][0xe6][0xd9]t[0xfb]%[0xdb]|\[0xb2][0xf5][0xe2][0xe3]][0xb6][0xec][0xa6][0x90][0xd6][0x19]Y[0xb8][Q[0xc8][0xf9][0x1b]|+\d[0xeb][0x8b][0x1e][0x85]0[0xdd][0x96]R[0xf8]Ui[0xb6][0xa0][0x1c][0xf]l[0xea][0x95][0xb7][0xec]w[0x8][0xc0]z[0xb3][0xc3][0x82]2C[0x8]i[0xc4]9[0xf] [0xf7]R[0x9][0xa9][0xcb][0x17]6[0xb8][0xb0][0xba][0xd5]d [0x85];[0x89],k[0x8c]T[0x12][0xd9][0x1a][0xdd][0x9][0xbb][0x19][0xf7][0xb5][0xa6][0xa5][0xaf][0xf2][0x8b][0x82][0x8f][0xe3]0[0x9e]L[0x6]Q8[0xc]![0x0]U[0xeb]R:/[0x8][0xd2][0x90]'[0xbd][0xf1]0N[0x2]P[0xe8][0xae][0xec][0xfb][0xa4][0x17][0xf1][0xf1]8[0xb8][0xdd][0x18][0x9c][0x14]x`[0x8e][0x8c]%![0xbb][0xe7][[0xa2][0x83]:}1[0xb2] H'I[0x18][0xf][0xc6]q[0x0]U[0xad][0xdd][0xfe][0x86][0x87]a[0xd2][0xc5]([0x0][0xd4][0xda][0xa3][0xba][0xe2][0x98]_#[0x80][0xdb][0xa5]7[0xa7][0xe6]r[0x9f][0xf0][0x1b][0x6])[0x1c][0xa8][0x90][\n]"
03:58:36.415 [main] DEBUG org.apache.http.wire --  << "[0x2][0x90][0xd5][0xe5][0xfd][0x9]{[0xe7][0x1a][0x9b][0xf6][0xfb]m[0xdb][0xf6][0x84][0xa9][0x9b][0xbc]~[0xec][0x15]u[0xd5][0xb7][0x85][0xea][0xef]d_[0x9e][0xfd]^[0xf2]c|[0x10][0xf6]a[0x90][0x9f][0xcf][0xbb][0xb0][0x14][0x8f][0xfd][0x9d]T[0xf4][0xcf]v*[0xc5][0x9c][0xef][0x16][0xd5][0xec]$V[0xf3]m[0x12][0xfe][0x88][0xdb][0xde][0xbf]M[0xf9][0x83]Q[0x7]:}[0x98][0x18]#[0xd4][0xe0][0xac][0xcb]S[0xd4][0x9e]}[0xb5]{[0x10][0x8a][0xb7][0xa3]pR[0xfe][0xe5]9[0x8f][0x12][0x83][0xed][0x87]ny[0xef][0xdc]?r[0xb6][0xd6][0x89][0xad][0x14][0x8d][0x8e][0xa3][0x98]7q[0xee]d[0xf8][0xe2][0xff][0xdb][0x1f][0xe3],[0xf9][0xf4][0xd5][0x16][0xd3]O[\n]"
03:58:36.415 [main] DEBUG org.apache.http.wire --  << "[0xef]V[0xb3]_[0xf2][0xaa][0xd7][0xe8]W[0xff]#[0xaf]sI[0xe6]Q[0xb6]M[0x15][0xb5][0xe7][0xca][0x8e][\r]E[0xa3][0x87][0x3][0xbe][0xa7][0xf9][0xff]~~[0xfe][0xee][0xbf][0x0][0x0][0x0][0xff][0xff][0xfe][0x9b]kY}[0x4][0x0][0x0]"
03:58:36.415 [main] DEBUG io.restassured.internal.RestAssuredHttpBuilder -- Parsed data to instance of: class org.apache.http.conn.EofSensorInputStream
03:58:36.416 [main] DEBUG org.apache.http.impl.conn.BasicClientConnectionManager -- Releasing connection org.apache.http.impl.conn.ManagedClientConnectionImpl@1a19bad6
03:58:36.416 [main] DEBUG org.apache.http.impl.conn.BasicClientConnectionManager -- Connection can be kept alive indefinitely
03:58:36.417 [main] DEBUG net.thucydides.core.steps.StepInterceptor -- STEP DONE: I send request to get warehouse by ID
  &amp#27;[32mWhen &amp#27;[0m&amp#27;[32mI send request to get warehouse by ID&amp#27;[0m                                                      &amp#27;[90m# starter.stepdefinitions.user.dashboard.GetWarehouseByIDSteps.sendRequestGetWarehouseByID()&amp#27;[0m
03:58:36.419 [main] DEBUG net.thucydides.core.steps.StepInterceptor -- STARTING STEP: GetWarehouseByIDSteps.receivedStatusCode200OKRequestGetWarehouseByID - I received status code 200 OK in request get warehouse by ID
03:58:36.420 [main] DEBUG net.thucydides.core.steps.StepInterceptor -- STEP DONE: I received status code 200 OK in request get warehouse by ID
  &amp#27;[32mThen &amp#27;[0m&amp#27;[32mI received status code 200 OK in request get warehouse by ID&amp#27;[0m                               &amp#27;[90m# starter.stepdefinitions.user.dashboard.GetWarehouseByIDSteps.receivedStatusCode200OKRequestGetWarehouseByID()&amp#27;[0m
03:58:36.422 [main] DEBUG net.thucydides.core.steps.StepInterceptor -- STARTING STEP: GetWarehouseByIDSteps.receivedAllWarehouseDataAndMessageSuccessResponseGetWarehouseByID - I received all warehouse data and message "Success" response in request get warehouse by ID
03:58:36.572 [Finalizer] DEBUG org.apache.http.impl.conn.DefaultClientConnection -- Connection 0.0.0.0:58958<->216.24.57.253:443 closed
03:58:36.572 [Finalizer] DEBUG org.apache.http.impl.conn.DefaultClientConnection -- Connection 0.0.0.0:58957<->216.24.57.253:443 closed
03:58:36.572 [Finalizer] DEBUG org.apache.http.impl.conn.DefaultClientConnection -- Connection 0.0.0.0:58956<->216.24.57.253:443 closed
03:58:36.572 [Finalizer] DEBUG org.apache.http.impl.conn.DefaultClientConnection -- Connection 0.0.0.0:58964<->216.24.57.253:443 closed
03:58:36.572 [Finalizer] DEBUG org.apache.http.impl.conn.DefaultClientConnection -- Connection 0.0.0.0:58963<->216.24.57.253:443 closed
03:58:36.572 [Finalizer] DEBUG org.apache.http.impl.conn.DefaultClientConnection -- Connection 0.0.0.0:58962<->216.24.57.253:443 closed
  &amp#27;[31mAnd &amp#27;[0m&amp#27;[31mI received all warehouse data and message "Success" response in request get warehouse by ID&amp#27;[0m &amp#27;[90m# starter.stepdefinitions.user.dashboard.GetWarehouseByIDSteps.receivedAllWarehouseDataAndMessageSuccessResponseGetWarehouseByID()&amp#27;[0m
      &amp#27;[31mjava.lang.AssertionError: 1 expectation failed.
Response body doesn't match expectation.
Expected: The content to match the given JSON schema.
warning: the following keywords are unknown and will be ignored: [qt-uri-extensions, qt-uri-protocols]
    level: "warning"
    schema: {"loadingURI":"#","pointer":"/definitions/Data/properties/image/items"}
    domain: "syntax"
    ignored: ["qt-uri-extensions","qt-uri-protocols"]
error: object instance has properties which are not allowed by the schema: ["warehouseTypeId"]
    level: "error"
    schema: {"loadingURI":"#","pointer":"/definitions/Data"}
    instance: {"pointer":"/data"}
    domain: "validation"
    keyword: "additionalProperties"
    unwanted: ["warehouseTypeId"]

  Actual: {"status":true,"message":"Success","data":{"name":"Retailer 2 Warehouse","description":"The warehouse is located in a strategic area and has close access to urban areas","provinceId":"34","provinceName":"DI YOGYAKARTA","regencyId":"3404","regencyName":"KABUPATEN SLEMAN","districtId":"3404100","districtName":"KALASAN","address":"Jln Lebak Bulus V","surfaceArea":2000,"buildingArea":3000,"owner":"Mia Aprilia Satya","phoneNumber":"085159932141","longitude":106.8456,"latitude":-6.2088,"status":"tidak tersedia","weeklyPrice":9615385,"monthlyPrice":41666667,"annualPrice":500000000,"warehouseTypeId":1,"warehouseType":"kecil","image":["https://www.dropbox.com/scl/fi/izuhi0v5kdsq3bzzf1gdx/file_UBidK0fLmIydRKU61CaU.jpg?rlkey=9rrdl3zngy2wzumfqdl0w719g\u0026raw=1","https://www.dropbox.com/scl/fi/izuhi0v5kdsq3bzzf1gdx/file_UBidK0fLmIydRKU61CaU.jpg?rlkey=9rrdl3zngy2wzumfqdl0w719g\u0026raw=1","https://www.dropbox.com/scl/fi/2tson6smle7v750p5bti1/file_QZ8A6FWuOdBFlaMRIHbm.png?rlkey=v0obierxiwpm2wzms8re27qka\u0026raw=1","https://www.dropbox.com/scl/fi/izuhi0v5kdsq3bzzf1gdx/file_UBidK0fLmIydRKU61CaU.jpg?rlkey=9rrdl3zngy2wzumfqdl0w719g\u0026raw=1"]}}


	at java.base/jdk.internal.reflect.NativeConstructorAccessorImpl.newInstance0(Native Method)
	at java.base/jdk.internal.reflect.NativeConstructorAccessorImpl.newInstance(NativeConstructorAccessorImpl.java:77)
	at java.base/jdk.internal.reflect.DelegatingConstructorAccessorImpl.newInstance(DelegatingConstructorAccessorImpl.java:45)
	at java.base/java.lang.reflect.Constructor.newInstanceWithCaller(Constructor.java:499)
	at java.base/java.lang.reflect.Constructor.newInstance(Constructor.java:480)
	at org.codehaus.groovy.reflection.CachedConstructor.invoke(CachedConstructor.java:73)
	at org.codehaus.groovy.runtime.callsite.ConstructorSite$ConstructorSiteNoUnwrapNoCoerce.callConstructor(ConstructorSite.java:108)
	at org.codehaus.groovy.runtime.callsite.CallSiteArray.defaultCallConstructor(CallSiteArray.java:57)
	at org.codehaus.groovy.runtime.callsite.AbstractCallSite.callConstructor(AbstractCallSite.java:263)
	at org.codehaus.groovy.runtime.callsite.AbstractCallSite.callConstructor(AbstractCallSite.java:277)
	at io.restassured.internal.ResponseSpecificationImpl$HamcrestAssertionClosure.validate(ResponseSpecificationImpl.groovy:512)
	at io.restassured.internal.ResponseSpecificationImpl$HamcrestAssertionClosure$validate$1.call(Unknown Source)
	at io.restassured.internal.ResponseSpecificationImpl.validateResponseIfRequired(ResponseSpecificationImpl.groovy:696)
	at io.restassured.internal.ResponseSpecificationImpl.this$2$validateResponseIfRequired(ResponseSpecificationImpl.groovy)
	at jdk.internal.reflect.GeneratedMethodAccessor99.invoke(Unknown Source)
	at java.base/jdk.internal.reflect.DelegatingMethodAccessorImpl.invoke(DelegatingMethodAccessorImpl.java:43)
	at java.base/java.lang.reflect.Method.invoke(Method.java:568)
	at org.codehaus.groovy.runtime.callsite.PlainObjectMetaMethodSite.doInvoke(PlainObjectMetaMethodSite.java:43)
	at org.codehaus.groovy.runtime.callsite.PogoMetaMethodSite$PogoCachedMethodSiteNoUnwrapNoCoerce.invoke(PogoMetaMethodSite.java:198)
	at org.codehaus.groovy.runtime.callsite.PogoMetaMethodSite.callCurrent(PogoMetaMethodSite.java:62)
	at org.codehaus.groovy.runtime.callsite.AbstractCallSite.callCurrent(AbstractCallSite.java:185)
	at io.restassured.internal.ResponseSpecificationImpl.body(ResponseSpecificationImpl.groovy:107)
	at io.restassured.internal.ValidatableResponseOptionsImpl.body(ValidatableResponseOptionsImpl.java:238)
	at starter.user.dashboard.GetWarehouseByID.lambda$receivedAllWarehouseDataAndMessageSuccessResponseGetWarehouseByID$26(GetWarehouseByID.java:68)
	at net.serenitybdd.rest.SerenityRest.restAssuredThat(SerenityRest.java:626)
	at starter.user.dashboard.GetWarehouseByID.receivedAllWarehouseDataAndMessageSuccessResponseGetWarehouseByID(GetWarehouseByID.java:68)
	at starter.user.dashboard.GetWarehouseByID$ByteBuddy$kqj68gb3.receivedAllWarehouseDataAndMessageSuccessResponseGetWarehouseByID$accessor$Gxt6dfXP(Unknown Source)
	at java.base/jdk.internal.reflect.NativeMethodAccessorImpl.invoke0(Native Method)
	at java.base/jdk.internal.reflect.NativeMethodAccessorImpl.invoke(NativeMethodAccessorImpl.java:77)
	at java.base/jdk.internal.reflect.DelegatingMethodAccessorImpl.invoke(DelegatingMethodAccessorImpl.java:43)
	at java.base/java.lang.reflect.Method.invoke(Method.java:568)
	at net.thucydides.core.steps.StepInterceptor.invokeMethod(StepInterceptor.java:518)
	at net.thucydides.core.steps.StepInterceptor.executeTestStepMethod(StepInterceptor.java:498)
	at net.thucydides.core.steps.StepInterceptor.runTestStep(StepInterceptor.java:472)
	at net.thucydides.core.steps.StepInterceptor.runOrSkipMethod(StepInterceptor.java:211)
	at net.thucydides.core.steps.StepInterceptor.testStepResult(StepInterceptor.java:198)
	at net.thucydides.core.steps.StepInterceptor.intercept(StepInterceptor.java:86)
	at net.thucydides.core.steps.ProxyConfiguration$InterceptorDispatcher.intercept(ProxyConfiguration.java:51)
	at starter.user.dashboard.GetWarehouseByID$ByteBuddy$kqj68gb3.receivedAllWarehouseDataAndMessageSuccessResponseGetWarehouseByID(Unknown Source)
	at starter.stepdefinitions.user.dashboard.GetWarehouseByIDSteps.receivedAllWarehouseDataAndMessageSuccessResponseGetWarehouseByID(GetWarehouseByIDSteps.java:31)
	at ✽.I received all warehouse data and message "Success" response in request get warehouse by ID(file:///Users/miaapriliasatya/IdeaProjects/CAPSTONE-12/DIGIHOUSE-API/src/test/resources/features/api/user/dashboard/GetWarehouseByID.feature:12)
&amp#27;[0m
]]></system-out>
  </testcase>
  <testcase name="As a user I can&apos;t get warehouse by ID without path" classname="Get Warehouse By ID" time="0.32"/>
  <testcase name="As a user I can&apos;t get warehouse data with an invalid ID (by entering the ID numbers, letters &amp; symbols at the same time)" classname="Get Warehouse By ID" time="1.258"/>
  <testcase name="As a user I can&apos;t get warehouse data with an invalid ID (by entering an ID number that does not yet exist in the database)" classname="Get Warehouse By ID" time="1.336"/>
  <testcase name="As a user I can create new favorite with a valid path" classname="Create New Favorite" time="1.778"/>
  <testcase name="As a user I can&apos;t create new favorite without path" classname="Create New Favorite" time="1.047"/>
  <testcase name="As a user I can&apos;t create new favorite if I don&apos;t fill in the create new favorite request" classname="Create New Favorite" time="1.174"/>
  <testcase name="As a user I can delete favorite by ID with a valid path" classname="Delete Favorite By ID" time="1.467"/>
  <testcase name="As a user I can&apos;t delete favorite by ID without path" classname="Delete Favorite By ID" time="1.109"/>
  <testcase name="As a user I can&apos;t delete favorite by ID with invalid ID" classname="Delete Favorite By ID" time="1.291"/>
  <testcase name="As a user I can get list favorite with a valid path" classname="Get List Favorite" time="2.176"/>
  <testcase name="As a user I can&apos;t get list favorite without path" classname="Get List Favorite" time="1.175"/>
  <testcase name="As a user I can get bank virtual account with a valid path" classname="Get Bank Virtual Account" time="1.575"/>
  <testcase name="As a user I can&apos;t get bank virtual account without path" classname="Get Bank Virtual Account" time="1.061"/>
  <testcase name="As a user I can get payment method with a valid path" classname="Get Payment Method" time="1.157"/>
  <testcase name="As a user I can&apos;t get payment method without path" classname="Get Payment Method" time="1.074"/>
  <testcase name="As a user I can payment checkout with a valid path" classname="Payment Checkout" time="5.438"/>
  <testcase name="As a user I can&apos;t payment checkout without path" classname="Payment Checkout" time="1.23"/>
  <testcase name="As a user I can&apos;t payment checkout if I don&apos;t fill in the payment checkout request" classname="Payment Checkout" time="1.107"/>
  <testcase name="As a user I can&apos;t payment checkout if I don&apos;t fill in the payment method ID request" classname="Payment Checkout" time="1.171"/>
  <testcase name="As a user I can&apos;t payment checkout if I don&apos;t fill in the installment ID request" classname="Payment Checkout" time="1.038"/>
  <testcase name="As a user I can&apos;t payment checkout if I don&apos;t fill in the data payment bank code request" classname="Payment Checkout" time="1.252"/>
  <testcase name="As a user I can&apos;t payment checkout if the installment ID payment has previously been made" classname="Payment Checkout" time="1.575"/>
  <testcase name="As a user I can get avatar data with a valid path" classname="Get Avatar" time="1.205"/>
  <testcase name="As a user I can&apos;t get avatar data with an invalid path" classname="Get Avatar" time="1.173"/>
  <testcase name="As a user I can get profile with a valid path" classname="Get Profile" time="1.826"/>
  <testcase name="As a user I can&apos;t get profile without path" classname="Get Profile" time="1.223"/>
  <testcase name="As a user I can&apos;t update email without path" classname="Update Email" time="1.15"/>
  <testcase name="As a user I can&apos;t update email if I don&apos;t fill in the update email request" classname="Update Email" time="1.156"/>
  <testcase name="As a user I can&apos;t update email if I fill in email already regist in database" classname="Update Email" time="1.243"/>
  <testcase name="As a user I can&apos;t update email if the email request format is not appropriate (e.g.: missing @)" classname="Update Email" time="1.031"/>
  <testcase name="As a user I can update photo profile with a valid path" classname="Update Photo Profile" time="1.515"/>
  <testcase name="As a user I can&apos;t update photo profile without path" classname="Update Photo Profile" time="1.082"/>
  <testcase name="As a user I can&apos;t update photo profile if I don&apos;t fill in the update photo profile request" classname="Update Photo Profile" time="1.161"/>
  <testcase name="As a user I can update username with a valid path" classname="Update Username" time="1.523"/>
  <testcase name="As a user I can&apos;t update username without path" classname="Update Username" time="1.3"/>
  <testcase name="As a user I can&apos;t update username if I don&apos;t fill in the update username request" classname="Update Username" time="1.084"/>
  <testcase name="As a user I can upload photo with a valid path" classname="Upload Photo" time="3.908"/>
  <testcase name="As a user I can&apos;t upload photo without path" classname="Upload Photo" time="0.983"/>
  <testcase name="As a user I can&apos;t upload photo if I don&apos;t fill in the upload photo request" classname="Upload Photo" time="1.109"/>
  <testcase name="As a user I can&apos;t upload photo if the photo request format is not appropriate (e.g. other than: PNG, JPEG, JPG)" classname="Upload Photo" time="1.288"/>
  <testcase name="As a user I can&apos;t upload photo if size more than 5 MB" classname="Upload Photo" time="38.565"/>
  <testcase name="As a user I can get all district data with a valid path" classname="Get All District" time="0.004"/>
  <testcase name="As a user I can&apos;t get all district data with an invalid path" classname="Get All District" time="0.003"/>
  <testcase name="As a user I can get all province data with a valid path" classname="Get All Province" time="0.005"/>
  <testcase name="As a user I can&apos;t get all province data with an invalid path" classname="Get All Province" time="0.003"/>
  <testcase name="As a user I can get all regency data with a valid path" classname="Get All Regency" time="0.004"/>
  <testcase name="As a user I can&apos;t get all regency data with an invalid path" classname="Get All Regency" time="0.004"/>
  <testcase name="As a user I can register data user with a valid input" classname="Register Data User" time="0.004"/>
  <testcase name="As a user I can&apos;t register data user without path" classname="Register Data User" time="0.004"/>
  <testcase name="As a user I can&apos;t register data user if I don&apos;t fill in the register data user request" classname="Register Data User" time="0.004"/>
  <testcase name="As a user I can&apos;t register data user with an invalid email" classname="Register Data User" time="0.004"/>
  <testcase name="As a user I can get installment list with a valid path" classname="Get Installment List" time="0.007"/>
  <testcase name="As a user I can&apos;t get installment list without path" classname="Get Installment List" time="0.566"/>
  <testcase name="As a user I can get my warehouse rental with a valid path" classname="Get My Warehouse Rental" time="2.078"/>
  <testcase name="As a user I can&apos;t get my warehouse rental without path" classname="Get My Warehouse Rental" time="1.206"/>
  <testcase name="As a user I can get my warehouse submitted with a valid path" classname="Get My Warehouse Submitted" time="2.053"/>
  <testcase name="As a user I can&apos;t get my warehouse submitted without path" classname="Get My Warehouse Submitted" time="1.243"/>
  <testcase name="As a user I can get transaction info with a valid path" classname="Get Transaction Info" time="1.608"/>
  <testcase name="As a user I can&apos;t get transaction info without path" classname="Get Transaction Info" time="1.322"/>
</testsuite>